mode: atomic
github.com/apteva/apps/mcp/crm/attachments.go:55.74,56.16 1 13
github.com/apteva/apps/mcp/crm/attachments.go:56.16,58.3 1 11
github.com/apteva/apps/mcp/crm/attachments.go:59.2,60.16 2 2
github.com/apteva/apps/mcp/crm/attachments.go:60.16,62.3 1 0
github.com/apteva/apps/mcp/crm/attachments.go:63.2,64.48 2 2
github.com/apteva/apps/mcp/crm/attachments.go:64.48,66.3 1 0
github.com/apteva/apps/mcp/crm/attachments.go:67.2,67.38 1 2
github.com/apteva/apps/mcp/crm/attachments.go:67.38,69.3 1 0
github.com/apteva/apps/mcp/crm/attachments.go:70.2,70.17 1 2
github.com/apteva/apps/mcp/crm/attachments.go:73.61,75.40 2 26
github.com/apteva/apps/mcp/crm/attachments.go:75.40,77.10 2 1
github.com/apteva/apps/mcp/crm/attachments.go:77.10,80.18 2 0
github.com/apteva/apps/mcp/crm/attachments.go:80.18,82.5 1 0
github.com/apteva/apps/mcp/crm/attachments.go:83.4,83.52 1 0
github.com/apteva/apps/mcp/crm/attachments.go:83.52,85.5 1 0
github.com/apteva/apps/mcp/crm/attachments.go:87.3,88.30 2 1
github.com/apteva/apps/mcp/crm/attachments.go:88.30,90.11 2 1
github.com/apteva/apps/mcp/crm/attachments.go:90.11,92.5 1 0
github.com/apteva/apps/mcp/crm/attachments.go:93.4,94.41 2 1
github.com/apteva/apps/mcp/crm/attachments.go:94.41,96.5 1 0
github.com/apteva/apps/mcp/crm/attachments.go:97.4,97.52 1 1
github.com/apteva/apps/mcp/crm/attachments.go:97.52,99.5 1 0
github.com/apteva/apps/mcp/crm/attachments.go:100.4,100.63 1 1
github.com/apteva/apps/mcp/crm/attachments.go:100.63,102.5 1 1
github.com/apteva/apps/mcp/crm/attachments.go:103.4,103.20 1 1
github.com/apteva/apps/mcp/crm/attachments.go:103.20,105.5 1 0
github.com/apteva/apps/mcp/crm/attachments.go:108.2,108.51 1 26
github.com/apteva/apps/mcp/crm/attachments.go:108.51,110.10 2 2
github.com/apteva/apps/mcp/crm/attachments.go:110.10,112.52 2 0
github.com/apteva/apps/mcp/crm/attachments.go:112.52,114.5 1 0
github.com/apteva/apps/mcp/crm/attachments.go:116.3,116.26 1 2
github.com/apteva/apps/mcp/crm/attachments.go:116.26,117.29 1 2
github.com/apteva/apps/mcp/crm/attachments.go:117.29,119.5 1 0
github.com/apteva/apps/mcp/crm/attachments.go:121.3,121.20 1 2
github.com/apteva/apps/mcp/crm/attachments.go:123.2,123.35 1 26
github.com/apteva/apps/mcp/crm/attachments.go:123.35,125.3 1 0
github.com/apteva/apps/mcp/crm/attachments.go:126.2,126.12 1 26
github.com/apteva/apps/mcp/crm/attachments.go:129.117,130.32 1 24
github.com/apteva/apps/mcp/crm/attachments.go:130.32,131.16 1 3
github.com/apteva/apps/mcp/crm/attachments.go:131.16,132.12 1 0
github.com/apteva/apps/mcp/crm/attachments.go:134.3,135.19 2 3
github.com/apteva/apps/mcp/crm/attachments.go:135.19,137.4 1 0
github.com/apteva/apps/mcp/crm/attachments.go:138.3,153.17 2 3
github.com/apteva/apps/mcp/crm/attachments.go:153.17,155.4 1 0
github.com/apteva/apps/mcp/crm/attachments.go:157.2,157.12 1 24
github.com/apteva/apps/mcp/crm/attachments.go:160.29,161.12 1 3
github.com/apteva/apps/mcp/crm/attachments.go:161.12,163.3 1 0
github.com/apteva/apps/mcp/crm/attachments.go:164.2,164.10 1 3
github.com/apteva/apps/mcp/crm/attachments.go:167.115,168.27 1 2
github.com/apteva/apps/mcp/crm/attachments.go:168.27,170.3 1 1
github.com/apteva/apps/mcp/crm/attachments.go:171.2,172.16 2 1
github.com/apteva/apps/mcp/crm/attachments.go:172.16,174.3 1 0
github.com/apteva/apps/mcp/crm/attachments.go:175.2,176.86 2 1
github.com/apteva/apps/mcp/crm/attachments.go:176.86,178.3 1 0
github.com/apteva/apps/mcp/crm/attachments.go:179.2,179.20 1 1
github.com/apteva/apps/mcp/crm/attachments.go:182.78,183.77 1 4
github.com/apteva/apps/mcp/crm/attachments.go:183.77,185.3 1 0
github.com/apteva/apps/mcp/crm/attachments.go:186.2,186.21 1 4
github.com/apteva/apps/mcp/crm/attachments.go:186.21,188.3 1 4
github.com/apteva/apps/mcp/crm/attachments.go:189.2,189.14 1 0
github.com/apteva/apps/mcp/crm/attachments.go:192.84,195.31 3 34
github.com/apteva/apps/mcp/crm/attachments.go:195.31,196.15 1 30
github.com/apteva/apps/mcp/crm/attachments.go:196.15,197.12 1 0
github.com/apteva/apps/mcp/crm/attachments.go:199.3,200.15 2 30
github.com/apteva/apps/mcp/crm/attachments.go:200.15,203.4 2 30
github.com/apteva/apps/mcp/crm/attachments.go:205.2,205.19 1 34
github.com/apteva/apps/mcp/crm/attachments.go:205.19,207.3 1 4
github.com/apteva/apps/mcp/crm/attachments.go:208.2,211.25 4 30
github.com/apteva/apps/mcp/crm/attachments.go:211.25,214.3 2 30
github.com/apteva/apps/mcp/crm/attachments.go:215.2,223.16 2 30
github.com/apteva/apps/mcp/crm/attachments.go:223.16,225.3 1 0
github.com/apteva/apps/mcp/crm/attachments.go:226.2,227.18 2 30
github.com/apteva/apps/mcp/crm/attachments.go:227.18,233.50 3 4
github.com/apteva/apps/mcp/crm/attachments.go:233.50,235.4 1 0
github.com/apteva/apps/mcp/crm/attachments.go:236.3,237.42 2 4
github.com/apteva/apps/mcp/crm/attachments.go:237.42,239.4 1 4
github.com/apteva/apps/mcp/crm/attachments.go:241.2,241.19 1 30
github.com/apteva/apps/mcp/crm/audience.go:45.86,47.16 2 5
github.com/apteva/apps/mcp/crm/audience.go:47.16,49.3 1 0
github.com/apteva/apps/mcp/crm/audience.go:50.2,51.84 2 5
github.com/apteva/apps/mcp/crm/audience.go:51.84,53.3 1 0
github.com/apteva/apps/mcp/crm/audience.go:54.2,55.16 2 5
github.com/apteva/apps/mcp/crm/audience.go:55.16,57.3 1 0
github.com/apteva/apps/mcp/crm/audience.go:58.2,59.32 2 5
github.com/apteva/apps/mcp/crm/audience.go:59.32,61.3 1 0
github.com/apteva/apps/mcp/crm/audience.go:62.2,65.108 4 5
github.com/apteva/apps/mcp/crm/audience.go:68.96,73.59 5 5
github.com/apteva/apps/mcp/crm/audience.go:73.59,74.14 1 15
github.com/apteva/apps/mcp/crm/audience.go:74.14,76.4 1 5
github.com/apteva/apps/mcp/crm/audience.go:78.2,78.14 1 5
github.com/apteva/apps/mcp/crm/audience.go:78.14,80.3 1 0
github.com/apteva/apps/mcp/crm/audience.go:82.2,83.20 2 5
github.com/apteva/apps/mcp/crm/audience.go:83.20,89.3 1 2
github.com/apteva/apps/mcp/crm/audience.go:90.2,90.17 1 3
github.com/apteva/apps/mcp/crm/audience.go:90.17,92.17 2 3
github.com/apteva/apps/mcp/crm/audience.go:92.17,94.4 1 0
github.com/apteva/apps/mcp/crm/audience.go:95.3,95.43 1 3
github.com/apteva/apps/mcp/crm/audience.go:95.43,97.4 1 0
github.com/apteva/apps/mcp/crm/audience.go:98.3,103.9 1 3
github.com/apteva/apps/mcp/crm/audience.go:106.2,107.16 2 0
github.com/apteva/apps/mcp/crm/audience.go:107.16,109.3 1 0
github.com/apteva/apps/mcp/crm/audience.go:110.2,110.48 1 0
github.com/apteva/apps/mcp/crm/audience.go:110.48,112.3 1 0
github.com/apteva/apps/mcp/crm/audience.go:113.2,113.30 1 0
github.com/apteva/apps/mcp/crm/audience.go:113.30,120.3 1 0
github.com/apteva/apps/mcp/crm/audience.go:121.2,122.16 2 0
github.com/apteva/apps/mcp/crm/audience.go:122.16,124.3 1 0
github.com/apteva/apps/mcp/crm/audience.go:125.2,128.8 1 0
github.com/apteva/apps/mcp/crm/audience.go:131.172,132.19 1 5
github.com/apteva/apps/mcp/crm/audience.go:132.19,134.3 1 0
github.com/apteva/apps/mcp/crm/audience.go:135.2,136.29 2 5
github.com/apteva/apps/mcp/crm/audience.go:136.29,138.3 1 3
github.com/apteva/apps/mcp/crm/audience.go:140.2,183.19 6 5
github.com/apteva/apps/mcp/crm/audience.go:183.19,187.17 3 5
github.com/apteva/apps/mcp/crm/audience.go:187.17,189.4 1 0
github.com/apteva/apps/mcp/crm/audience.go:190.3,190.19 1 5
github.com/apteva/apps/mcp/crm/audience.go:190.19,193.50 3 17
github.com/apteva/apps/mcp/crm/audience.go:193.50,196.5 2 0
github.com/apteva/apps/mcp/crm/audience.go:197.4,198.25 2 17
github.com/apteva/apps/mcp/crm/audience.go:198.25,200.5 1 4
github.com/apteva/apps/mcp/crm/audience.go:200.10,203.5 2 13
github.com/apteva/apps/mcp/crm/audience.go:205.3,205.38 1 5
github.com/apteva/apps/mcp/crm/audience.go:205.38,207.4 1 0
github.com/apteva/apps/mcp/crm/audience.go:210.2,215.16 4 5
github.com/apteva/apps/mcp/crm/audience.go:215.16,217.3 1 0
github.com/apteva/apps/mcp/crm/audience.go:218.2,224.18 3 5
github.com/apteva/apps/mcp/crm/audience.go:224.18,226.71 2 10
github.com/apteva/apps/mcp/crm/audience.go:226.71,229.4 2 0
github.com/apteva/apps/mcp/crm/audience.go:230.3,230.27 1 10
github.com/apteva/apps/mcp/crm/audience.go:232.2,232.37 1 5
github.com/apteva/apps/mcp/crm/audience.go:232.37,234.3 1 0
github.com/apteva/apps/mcp/crm/audience.go:235.2,235.23 1 5
github.com/apteva/apps/mcp/crm/audience.go:235.23,238.3 2 2
github.com/apteva/apps/mcp/crm/audience.go:239.2,239.27 1 5
github.com/apteva/apps/mcp/crm/audience.go:239.27,240.31 1 8
github.com/apteva/apps/mcp/crm/audience.go:240.31,242.4 1 3
github.com/apteva/apps/mcp/crm/audience.go:242.9,244.4 1 5
github.com/apteva/apps/mcp/crm/audience.go:245.3,245.37 1 8
github.com/apteva/apps/mcp/crm/audience.go:247.2,247.21 1 5
github.com/apteva/apps/mcp/crm/audience.go:247.21,249.3 1 3
github.com/apteva/apps/mcp/crm/audience.go:250.2,250.20 1 5
github.com/apteva/apps/mcp/crm/db_routing.go:27.81,28.51 1 3
github.com/apteva/apps/mcp/crm/db_routing.go:28.52,30.3 0 0
github.com/apteva/apps/mcp/crm/db_routing.go:31.2,31.61 1 3
github.com/apteva/apps/mcp/crm/db_routing.go:31.61,33.3 1 0
github.com/apteva/apps/mcp/crm/db_routing.go:34.2,41.16 2 3
github.com/apteva/apps/mcp/crm/db_routing.go:41.16,43.3 1 0
github.com/apteva/apps/mcp/crm/db_routing.go:44.2,45.16 2 3
github.com/apteva/apps/mcp/crm/db_routing.go:48.73,58.16 2 13
github.com/apteva/apps/mcp/crm/db_routing.go:58.16,60.3 1 0
github.com/apteva/apps/mcp/crm/db_routing.go:61.2,63.18 3 13
github.com/apteva/apps/mcp/crm/db_routing.go:63.18,68.59 4 6
github.com/apteva/apps/mcp/crm/db_routing.go:68.59,70.4 1 0
github.com/apteva/apps/mcp/crm/db_routing.go:71.3,71.19 1 6
github.com/apteva/apps/mcp/crm/db_routing.go:71.19,74.4 2 2
github.com/apteva/apps/mcp/crm/db_routing.go:75.3,76.23 2 6
github.com/apteva/apps/mcp/crm/db_routing.go:78.2,78.24 1 13
github.com/apteva/apps/mcp/crm/db_routing.go:81.66,88.2 2 0
github.com/apteva/apps/mcp/crm/db_routing.go:102.125,105.16 3 13
github.com/apteva/apps/mcp/crm/db_routing.go:105.16,107.3 1 0
github.com/apteva/apps/mcp/crm/db_routing.go:108.2,108.26 1 13
github.com/apteva/apps/mcp/crm/db_routing.go:108.26,109.17 1 6
github.com/apteva/apps/mcp/crm/db_routing.go:109.17,110.12 1 0
github.com/apteva/apps/mcp/crm/db_routing.go:112.3,112.76 1 6
github.com/apteva/apps/mcp/crm/db_routing.go:112.76,113.12 1 3
github.com/apteva/apps/mcp/crm/db_routing.go:115.3,115.25 1 3
github.com/apteva/apps/mcp/crm/db_routing.go:115.25,116.93 1 1
github.com/apteva/apps/mcp/crm/db_routing.go:116.93,118.5 1 1
github.com/apteva/apps/mcp/crm/db_routing.go:120.3,120.52 1 3
github.com/apteva/apps/mcp/crm/db_routing.go:120.52,121.60 1 2
github.com/apteva/apps/mcp/crm/db_routing.go:121.60,123.5 1 2
github.com/apteva/apps/mcp/crm/db_routing.go:126.2,126.19 1 13
github.com/apteva/apps/mcp/crm/db_routing.go:129.69,130.47 1 6
github.com/apteva/apps/mcp/crm/db_routing.go:130.47,132.3 1 2
github.com/apteva/apps/mcp/crm/db_routing.go:133.2,133.34 1 4
github.com/apteva/apps/mcp/crm/db_routing.go:133.34,134.52 1 4
github.com/apteva/apps/mcp/crm/db_routing.go:134.52,136.4 1 3
github.com/apteva/apps/mcp/crm/db_routing.go:138.2,138.14 1 1
github.com/apteva/apps/mcp/crm/db_routing.go:141.60,142.44 1 5
github.com/apteva/apps/mcp/crm/db_routing.go:142.44,144.3 1 1
github.com/apteva/apps/mcp/crm/db_routing.go:145.2,145.53 1 4
github.com/apteva/apps/mcp/crm/db_routing.go:155.55,158.16 3 21
github.com/apteva/apps/mcp/crm/db_routing.go:158.16,160.3 1 1
github.com/apteva/apps/mcp/crm/db_routing.go:161.2,161.9 1 20
github.com/apteva/apps/mcp/crm/db_routing.go:162.59,163.14 1 3
github.com/apteva/apps/mcp/crm/db_routing.go:164.39,165.42 1 6
github.com/apteva/apps/mcp/crm/db_routing.go:166.40,167.46 1 1
github.com/apteva/apps/mcp/crm/db_routing.go:168.40,171.38 3 5
github.com/apteva/apps/mcp/crm/db_routing.go:172.10,173.25 1 5
github.com/apteva/apps/mcp/crm/deliverability.go:43.56,46.9 3 142
github.com/apteva/apps/mcp/crm/deliverability.go:47.20,50.32 3 3
github.com/apteva/apps/mcp/crm/deliverability.go:50.32,52.4 1 3
github.com/apteva/apps/mcp/crm/deliverability.go:53.21,55.74 2 2
github.com/apteva/apps/mcp/crm/deliverability.go:56.34,58.42 2 2
github.com/apteva/apps/mcp/crm/deliverability.go:59.32,61.50 2 0
github.com/apteva/apps/mcp/crm/deliverability.go:62.34,64.42 2 0
github.com/apteva/apps/mcp/crm/deliverability.go:68.106,82.16 2 114
github.com/apteva/apps/mcp/crm/deliverability.go:82.16,84.3 1 0
github.com/apteva/apps/mcp/crm/deliverability.go:85.2,87.18 3 114
github.com/apteva/apps/mcp/crm/deliverability.go:87.18,96.17 3 142
github.com/apteva/apps/mcp/crm/deliverability.go:96.17,98.4 1 0
github.com/apteva/apps/mcp/crm/deliverability.go:99.3,102.27 4 142
github.com/apteva/apps/mcp/crm/deliverability.go:104.2,104.24 1 114
github.com/apteva/apps/mcp/crm/deliverability.go:107.52,111.55 1 0
github.com/apteva/apps/mcp/crm/deliverability.go:111.55,113.4 1 0
github.com/apteva/apps/mcp/crm/deliverability.go:117.71,119.29 2 8
github.com/apteva/apps/mcp/crm/deliverability.go:119.29,121.3 1 0
github.com/apteva/apps/mcp/crm/deliverability.go:122.2,122.15 1 8
github.com/apteva/apps/mcp/crm/deliverability.go:122.15,124.3 1 0
github.com/apteva/apps/mcp/crm/deliverability.go:125.2,125.17 1 8
github.com/apteva/apps/mcp/crm/deliverability.go:128.47,129.74 1 8
github.com/apteva/apps/mcp/crm/deliverability.go:129.74,131.3 1 6
github.com/apteva/apps/mcp/crm/deliverability.go:132.2,137.53 3 2
github.com/apteva/apps/mcp/crm/deliverability.go:140.91,146.16 2 8
github.com/apteva/apps/mcp/crm/deliverability.go:146.16,148.3 1 0
github.com/apteva/apps/mcp/crm/deliverability.go:149.2,150.26 2 8
github.com/apteva/apps/mcp/crm/deliverability.go:153.52,154.31 1 20
github.com/apteva/apps/mcp/crm/deliverability.go:154.31,156.3 1 14
github.com/apteva/apps/mcp/crm/deliverability.go:157.2,157.61 1 6
github.com/apteva/apps/mcp/crm/deliverability.go:157.61,159.3 1 6
github.com/apteva/apps/mcp/crm/deliverability.go:160.2,160.11 1 0
github.com/apteva/apps/mcp/crm/deliverability.go:163.69,165.16 2 10
github.com/apteva/apps/mcp/crm/deliverability.go:165.16,167.3 1 0
github.com/apteva/apps/mcp/crm/deliverability.go:168.2,168.42 1 10
github.com/apteva/apps/mcp/crm/deliverability.go:183.111,195.16 4 5
github.com/apteva/apps/mcp/crm/deliverability.go:195.16,197.3 1 0
github.com/apteva/apps/mcp/crm/deliverability.go:198.2,199.17 2 5
github.com/apteva/apps/mcp/crm/deliverability.go:202.51,204.89 2 10
github.com/apteva/apps/mcp/crm/deliverability.go:204.89,205.57 1 14
github.com/apteva/apps/mcp/crm/deliverability.go:205.57,207.4 1 8
github.com/apteva/apps/mcp/crm/deliverability.go:209.2,209.27 1 2
github.com/apteva/apps/mcp/crm/deliverability.go:212.50,216.2 3 5
github.com/apteva/apps/mcp/crm/deliverability.go:218.84,220.16 2 6
github.com/apteva/apps/mcp/crm/deliverability.go:220.16,222.3 1 0
github.com/apteva/apps/mcp/crm/deliverability.go:223.2,227.42 5 6
github.com/apteva/apps/mcp/crm/deliverability.go:227.42,229.3 1 0
github.com/apteva/apps/mcp/crm/deliverability.go:230.2,231.20 2 6
github.com/apteva/apps/mcp/crm/deliverability.go:231.20,233.3 1 0
github.com/apteva/apps/mcp/crm/deliverability.go:234.2,237.16 3 6
github.com/apteva/apps/mcp/crm/deliverability.go:237.16,239.3 1 0
github.com/apteva/apps/mcp/crm/deliverability.go:240.2,242.29 3 6
github.com/apteva/apps/mcp/crm/deliverability.go:242.29,244.3 1 1
github.com/apteva/apps/mcp/crm/deliverability.go:245.2,251.35 3 5
github.com/apteva/apps/mcp/crm/deliverability.go:251.35,253.3 1 0
github.com/apteva/apps/mcp/crm/deliverability.go:254.2,254.16 1 5
github.com/apteva/apps/mcp/crm/deliverability.go:254.16,256.3 1 0
github.com/apteva/apps/mcp/crm/deliverability.go:257.2,258.16 2 5
github.com/apteva/apps/mcp/crm/deliverability.go:258.16,260.3 1 0
github.com/apteva/apps/mcp/crm/deliverability.go:261.2,261.51 1 5
github.com/apteva/apps/mcp/crm/deliverability.go:261.51,263.3 1 0
github.com/apteva/apps/mcp/crm/deliverability.go:265.2,267.14 3 5
github.com/apteva/apps/mcp/crm/deliverability.go:268.19,281.144 3 1
github.com/apteva/apps/mcp/crm/deliverability.go:282.17,284.16 2 4
github.com/apteva/apps/mcp/crm/deliverability.go:284.16,285.20 1 1
github.com/apteva/apps/mcp/crm/deliverability.go:285.20,287.5 1 0
github.com/apteva/apps/mcp/crm/deliverability.go:288.4,294.5 1 1
github.com/apteva/apps/mcp/crm/deliverability.go:295.9,295.72 1 3
github.com/apteva/apps/mcp/crm/deliverability.go:295.72,298.20 3 3
github.com/apteva/apps/mcp/crm/deliverability.go:298.20,300.5 1 0
github.com/apteva/apps/mcp/crm/deliverability.go:301.4,311.63 2 3
github.com/apteva/apps/mcp/crm/deliverability.go:313.20,314.19 1 0
github.com/apteva/apps/mcp/crm/deliverability.go:314.19,316.4 1 0
github.com/apteva/apps/mcp/crm/deliverability.go:317.3,322.4 1 0
github.com/apteva/apps/mcp/crm/deliverability.go:323.10,323.10 0 0
github.com/apteva/apps/mcp/crm/deliverability.go:327.2,327.16 1 5
github.com/apteva/apps/mcp/crm/deliverability.go:327.16,329.3 1 0
github.com/apteva/apps/mcp/crm/deliverability.go:330.2,330.36 1 5
github.com/apteva/apps/mcp/crm/deliverability.go:330.36,332.3 1 0
github.com/apteva/apps/mcp/crm/deliverability.go:333.2,334.31 2 5
github.com/apteva/apps/mcp/crm/deliverability.go:334.31,336.3 1 1
github.com/apteva/apps/mcp/crm/deliverability.go:337.2,337.27 1 5
github.com/apteva/apps/mcp/crm/deliverability.go:337.27,339.3 1 0
github.com/apteva/apps/mcp/crm/deliverability.go:340.2,340.12 1 5
github.com/apteva/apps/mcp/crm/deliverability.go:352.112,360.2 3 15
github.com/apteva/apps/mcp/crm/deliverability.go:362.89,371.23 2 1
github.com/apteva/apps/mcp/crm/deliverability.go:371.23,373.3 1 0
github.com/apteva/apps/mcp/crm/deliverability.go:376.98,377.16 1 0
github.com/apteva/apps/mcp/crm/deliverability.go:377.16,379.3 1 0
github.com/apteva/apps/mcp/crm/deliverability.go:380.2,380.19 1 0
github.com/apteva/apps/mcp/crm/deliverability.go:380.19,382.3 1 0
github.com/apteva/apps/mcp/crm/deliverability.go:383.2,389.23 2 0
github.com/apteva/apps/mcp/crm/deliverability.go:389.23,391.3 1 0
github.com/apteva/apps/mcp/crm/deliverability.go:401.115,403.23 2 2
github.com/apteva/apps/mcp/crm/deliverability.go:403.23,405.3 1 0
github.com/apteva/apps/mcp/crm/deliverability.go:406.2,412.22 3 2
github.com/apteva/apps/mcp/crm/deliverability.go:412.22,415.3 2 0
github.com/apteva/apps/mcp/crm/deliverability.go:415.8,418.3 2 2
github.com/apteva/apps/mcp/crm/deliverability.go:419.2,420.16 2 2
github.com/apteva/apps/mcp/crm/deliverability.go:420.16,422.3 1 0
github.com/apteva/apps/mcp/crm/deliverability.go:423.2,425.18 3 2
github.com/apteva/apps/mcp/crm/deliverability.go:425.18,427.105 2 2
github.com/apteva/apps/mcp/crm/deliverability.go:427.105,429.4 1 0
github.com/apteva/apps/mcp/crm/deliverability.go:430.3,430.27 1 2
github.com/apteva/apps/mcp/crm/deliverability.go:432.2,432.24 1 2
github.com/apteva/apps/mcp/crm/deliverability.go:435.49,437.9 2 2
github.com/apteva/apps/mcp/crm/deliverability.go:438.45,439.22 1 0
github.com/apteva/apps/mcp/crm/deliverability.go:440.118,441.24 1 1
github.com/apteva/apps/mcp/crm/deliverability.go:442.88,443.24 1 0
github.com/apteva/apps/mcp/crm/deliverability.go:444.10,445.12 1 1
github.com/apteva/apps/mcp/crm/deliverability.go:449.87,451.16 2 2
github.com/apteva/apps/mcp/crm/deliverability.go:451.16,453.3 1 0
github.com/apteva/apps/mcp/crm/deliverability.go:454.2,456.16 3 2
github.com/apteva/apps/mcp/crm/deliverability.go:456.16,458.3 1 0
github.com/apteva/apps/mcp/crm/deliverability.go:459.2,460.60 2 2
github.com/apteva/apps/mcp/crm/deliverability.go:460.60,462.3 1 0
github.com/apteva/apps/mcp/crm/deliverability.go:463.2,464.16 2 2
github.com/apteva/apps/mcp/crm/deliverability.go:464.16,466.3 1 0
github.com/apteva/apps/mcp/crm/deliverability.go:467.2,469.27 3 2
github.com/apteva/apps/mcp/crm/deliverability.go:469.27,471.3 1 1
github.com/apteva/apps/mcp/crm/deliverability.go:472.2,473.17 2 2
github.com/apteva/apps/mcp/crm/deliverability.go:473.17,474.32 1 1
github.com/apteva/apps/mcp/crm/deliverability.go:474.32,476.18 2 1
github.com/apteva/apps/mcp/crm/deliverability.go:476.18,478.5 1 0
github.com/apteva/apps/mcp/crm/deliverability.go:479.4,479.35 1 1
github.com/apteva/apps/mcp/crm/deliverability.go:483.2,484.16 2 2
github.com/apteva/apps/mcp/crm/deliverability.go:484.16,486.3 1 0
github.com/apteva/apps/mcp/crm/deliverability.go:487.2,489.29 3 2
github.com/apteva/apps/mcp/crm/deliverability.go:489.29,491.3 1 0
github.com/apteva/apps/mcp/crm/deliverability.go:492.2,496.24 5 2
github.com/apteva/apps/mcp/crm/deliverability.go:496.24,498.3 1 0
github.com/apteva/apps/mcp/crm/deliverability.go:499.2,499.31 1 2
github.com/apteva/apps/mcp/crm/deliverability.go:499.31,500.17 1 2
github.com/apteva/apps/mcp/crm/deliverability.go:500.17,515.4 2 1
github.com/apteva/apps/mcp/crm/deliverability.go:515.9,517.24 2 1
github.com/apteva/apps/mcp/crm/deliverability.go:517.24,527.5 1 0
github.com/apteva/apps/mcp/crm/deliverability.go:527.10,539.5 1 1
github.com/apteva/apps/mcp/crm/deliverability.go:541.3,541.17 1 2
github.com/apteva/apps/mcp/crm/deliverability.go:541.17,543.4 1 0
github.com/apteva/apps/mcp/crm/deliverability.go:545.2,545.36 1 2
github.com/apteva/apps/mcp/crm/deliverability.go:545.36,547.3 1 0
github.com/apteva/apps/mcp/crm/deliverability.go:548.2,548.31 1 2
github.com/apteva/apps/mcp/crm/deliverability.go:548.31,550.3 1 2
github.com/apteva/apps/mcp/crm/deliverability.go:551.2,551.12 1 2
github.com/apteva/apps/mcp/crm/deliverability.go:554.114,555.52 1 7
github.com/apteva/apps/mcp/crm/deliverability.go:555.52,557.3 1 0
github.com/apteva/apps/mcp/crm/deliverability.go:558.2,559.16 2 7
github.com/apteva/apps/mcp/crm/deliverability.go:559.16,561.3 1 0
github.com/apteva/apps/mcp/crm/deliverability.go:562.2,562.31 1 7
github.com/apteva/apps/mcp/crm/deliverability.go:562.31,563.35 1 7
github.com/apteva/apps/mcp/crm/deliverability.go:563.35,564.12 1 0
github.com/apteva/apps/mcp/crm/deliverability.go:566.3,576.9 2 7
github.com/apteva/apps/mcp/crm/deliverability.go:589.93,591.36 2 2
github.com/apteva/apps/mcp/crm/deliverability.go:591.36,600.25 2 2
github.com/apteva/apps/mcp/crm/deliverability.go:600.25,602.4 1 0
github.com/apteva/apps/mcp/crm/deliverability.go:603.3,604.51 2 2
github.com/apteva/apps/mcp/crm/deliverability.go:604.51,606.4 1 2
github.com/apteva/apps/mcp/crm/deliverability.go:610.50,612.16 2 0
github.com/apteva/apps/mcp/crm/deliverability.go:612.16,614.3 1 0
github.com/apteva/apps/mcp/crm/deliverability.go:615.2,617.18 3 0
github.com/apteva/apps/mcp/crm/deliverability.go:617.18,619.41 2 0
github.com/apteva/apps/mcp/crm/deliverability.go:619.41,621.4 1 0
github.com/apteva/apps/mcp/crm/deliverability.go:622.3,622.25 1 0
github.com/apteva/apps/mcp/crm/deliverability.go:624.2,624.24 1 0
github.com/apteva/apps/mcp/crm/deliverability.go:633.74,640.16 2 2
github.com/apteva/apps/mcp/crm/deliverability.go:640.16,642.3 1 0
github.com/apteva/apps/mcp/crm/deliverability.go:643.2,645.18 3 2
github.com/apteva/apps/mcp/crm/deliverability.go:645.18,647.87 2 2
github.com/apteva/apps/mcp/crm/deliverability.go:647.87,649.4 1 0
github.com/apteva/apps/mcp/crm/deliverability.go:650.3,650.27 1 2
github.com/apteva/apps/mcp/crm/deliverability.go:652.2,652.24 1 2
github.com/apteva/apps/mcp/crm/deliverability.go:655.106,658.54 3 2
github.com/apteva/apps/mcp/crm/deliverability.go:658.54,660.3 1 2
github.com/apteva/apps/mcp/crm/deliverability.go:661.2,661.23 1 2
github.com/apteva/apps/mcp/crm/deliverability.go:661.23,663.32 2 1
github.com/apteva/apps/mcp/crm/deliverability.go:663.32,664.12 1 0
github.com/apteva/apps/mcp/crm/deliverability.go:666.3,666.97 1 1
github.com/apteva/apps/mcp/crm/deliverability.go:666.97,668.4 1 0
github.com/apteva/apps/mcp/crm/deliverability.go:670.2,670.23 1 2
github.com/apteva/apps/mcp/crm/deliverability.go:670.23,672.125 2 1
github.com/apteva/apps/mcp/crm/deliverability.go:672.125,674.4 1 1
github.com/apteva/apps/mcp/crm/deliverability.go:676.2,676.12 1 1
github.com/apteva/apps/mcp/crm/deliverability.go:679.69,680.32 1 0
github.com/apteva/apps/mcp/crm/deliverability.go:680.32,682.3 1 0
github.com/apteva/apps/mcp/crm/deliverability.go:683.2,684.16 2 0
github.com/apteva/apps/mcp/crm/deliverability.go:684.16,686.3 1 0
github.com/apteva/apps/mcp/crm/deliverability.go:687.2,688.27 2 0
github.com/apteva/apps/mcp/crm/deliverability.go:688.27,689.85 1 0
github.com/apteva/apps/mcp/crm/deliverability.go:689.85,691.4 1 0
github.com/apteva/apps/mcp/crm/deliverability.go:693.2,693.17 1 0
github.com/apteva/apps/mcp/crm/deliverability.go:696.79,698.16 2 2
github.com/apteva/apps/mcp/crm/deliverability.go:698.16,700.3 1 0
github.com/apteva/apps/mcp/crm/deliverability.go:701.2,702.16 2 2
github.com/apteva/apps/mcp/crm/deliverability.go:702.16,704.3 1 0
github.com/apteva/apps/mcp/crm/deliverability.go:705.2,707.16 3 2
github.com/apteva/apps/mcp/crm/deliverability.go:707.16,709.3 1 0
github.com/apteva/apps/mcp/crm/deliverability.go:710.2,711.31 2 2
github.com/apteva/apps/mcp/crm/deliverability.go:711.31,713.19 2 2
github.com/apteva/apps/mcp/crm/deliverability.go:713.19,728.4 2 1
github.com/apteva/apps/mcp/crm/deliverability.go:728.9,740.4 1 1
github.com/apteva/apps/mcp/crm/deliverability.go:741.3,741.17 1 2
github.com/apteva/apps/mcp/crm/deliverability.go:741.17,743.4 1 0
github.com/apteva/apps/mcp/crm/deliverability.go:745.2,745.36 1 2
github.com/apteva/apps/mcp/crm/deliverability.go:745.36,747.3 1 0
github.com/apteva/apps/mcp/crm/deliverability.go:751.2,762.16 2 2
github.com/apteva/apps/mcp/crm/deliverability.go:762.16,764.3 1 0
github.com/apteva/apps/mcp/crm/deliverability.go:765.2,770.18 3 2
github.com/apteva/apps/mcp/crm/deliverability.go:770.18,773.99 2 0
github.com/apteva/apps/mcp/crm/deliverability.go:773.99,776.4 2 0
github.com/apteva/apps/mcp/crm/deliverability.go:777.3,777.35 1 0
github.com/apteva/apps/mcp/crm/deliverability.go:779.2,779.37 1 2
github.com/apteva/apps/mcp/crm/deliverability.go:779.37,781.3 1 0
github.com/apteva/apps/mcp/crm/deliverability.go:782.2,782.32 1 2
github.com/apteva/apps/mcp/crm/deliverability.go:782.32,783.54 1 0
github.com/apteva/apps/mcp/crm/deliverability.go:783.54,785.4 1 0
github.com/apteva/apps/mcp/crm/deliverability.go:785.9,787.4 1 0
github.com/apteva/apps/mcp/crm/deliverability.go:789.2,789.12 1 2
github.com/apteva/apps/mcp/crm/deliverability.go:795.85,796.32 1 11
github.com/apteva/apps/mcp/crm/deliverability.go:796.32,798.3 1 11
github.com/apteva/apps/mcp/crm/deliverability.go:799.2,806.16 2 0
github.com/apteva/apps/mcp/crm/deliverability.go:806.16,808.3 1 0
github.com/apteva/apps/mcp/crm/deliverability.go:809.2,810.18 2 0
github.com/apteva/apps/mcp/crm/deliverability.go:810.18,812.87 2 0
github.com/apteva/apps/mcp/crm/deliverability.go:812.87,814.4 1 0
github.com/apteva/apps/mcp/crm/deliverability.go:816.2,817.31 2 0
github.com/apteva/apps/mcp/crm/deliverability.go:817.31,819.17 2 0
github.com/apteva/apps/mcp/crm/deliverability.go:819.17,820.12 1 0
github.com/apteva/apps/mcp/crm/deliverability.go:822.3,823.23 2 0
github.com/apteva/apps/mcp/crm/deliverability.go:823.23,837.4 2 0
github.com/apteva/apps/mcp/crm/deliverability.go:837.9,843.4 1 0
github.com/apteva/apps/mcp/crm/deliverability.go:847.122,849.22 2 14
github.com/apteva/apps/mcp/crm/deliverability.go:849.22,864.3 3 0
github.com/apteva/apps/mcp/crm/deliverability.go:865.2,871.34 1 14
github.com/apteva/apps/mcp/crm/email_verification.go:85.55,86.25 1 1
github.com/apteva/apps/mcp/crm/email_verification.go:86.25,88.3 1 0
github.com/apteva/apps/mcp/crm/email_verification.go:89.2,91.18 3 1
github.com/apteva/apps/mcp/crm/email_verification.go:91.18,93.3 1 0
github.com/apteva/apps/mcp/crm/email_verification.go:94.2,94.90 1 1
github.com/apteva/apps/mcp/crm/email_verification.go:97.79,103.16 2 117
github.com/apteva/apps/mcp/crm/email_verification.go:103.16,105.3 1 0
github.com/apteva/apps/mcp/crm/email_verification.go:106.2,107.136 2 117
github.com/apteva/apps/mcp/crm/email_verification.go:107.136,109.3 1 5
github.com/apteva/apps/mcp/crm/email_verification.go:110.2,110.143 1 117
github.com/apteva/apps/mcp/crm/email_verification.go:110.143,112.3 1 5
github.com/apteva/apps/mcp/crm/email_verification.go:113.2,113.145 1 117
github.com/apteva/apps/mcp/crm/email_verification.go:113.145,115.3 1 0
github.com/apteva/apps/mcp/crm/email_verification.go:116.2,117.17 2 117
github.com/apteva/apps/mcp/crm/email_verification.go:120.65,121.44 1 114
github.com/apteva/apps/mcp/crm/email_verification.go:121.44,123.3 1 81
github.com/apteva/apps/mcp/crm/email_verification.go:124.2,124.50 1 33
github.com/apteva/apps/mcp/crm/email_verification.go:132.69,134.18 2 114
github.com/apteva/apps/mcp/crm/email_verification.go:134.18,136.3 1 100
github.com/apteva/apps/mcp/crm/email_verification.go:137.2,138.19 2 14
github.com/apteva/apps/mcp/crm/email_verification.go:138.19,140.3 1 0
github.com/apteva/apps/mcp/crm/email_verification.go:141.2,142.26 2 14
github.com/apteva/apps/mcp/crm/email_verification.go:142.26,143.133 1 14
github.com/apteva/apps/mcp/crm/email_verification.go:143.133,145.4 1 14
github.com/apteva/apps/mcp/crm/email_verification.go:147.2,147.58 1 14
github.com/apteva/apps/mcp/crm/email_verification.go:150.152,151.19 1 14
github.com/apteva/apps/mcp/crm/email_verification.go:151.19,153.3 1 0
github.com/apteva/apps/mcp/crm/email_verification.go:154.2,161.118 3 14
github.com/apteva/apps/mcp/crm/email_verification.go:161.118,163.3 1 1
github.com/apteva/apps/mcp/crm/email_verification.go:164.2,164.20 1 13
github.com/apteva/apps/mcp/crm/email_verification.go:167.118,169.2 1 2
github.com/apteva/apps/mcp/crm/email_verification.go:171.113,174.10 3 13
github.com/apteva/apps/mcp/crm/email_verification.go:174.10,176.3 1 1
github.com/apteva/apps/mcp/crm/email_verification.go:177.2,179.106 3 13
github.com/apteva/apps/mcp/crm/email_verification.go:179.106,181.3 1 0
github.com/apteva/apps/mcp/crm/email_verification.go:182.2,183.22 2 13
github.com/apteva/apps/mcp/crm/email_verification.go:183.22,185.3 1 0
github.com/apteva/apps/mcp/crm/email_verification.go:186.2,187.50 2 13
github.com/apteva/apps/mcp/crm/email_verification.go:187.50,189.3 1 0
github.com/apteva/apps/mcp/crm/email_verification.go:190.2,217.3 2 13
github.com/apteva/apps/mcp/crm/email_verification.go:220.84,222.10 2 1
github.com/apteva/apps/mcp/crm/email_verification.go:222.10,224.3 1 0
github.com/apteva/apps/mcp/crm/email_verification.go:225.2,235.3 1 1
github.com/apteva/apps/mcp/crm/email_verification.go:238.71,240.32 2 13
github.com/apteva/apps/mcp/crm/email_verification.go:240.32,241.38 1 67
github.com/apteva/apps/mcp/crm/email_verification.go:241.38,242.19 1 18
github.com/apteva/apps/mcp/crm/email_verification.go:242.19,244.5 1 6
github.com/apteva/apps/mcp/crm/email_verification.go:247.2,247.25 1 7
github.com/apteva/apps/mcp/crm/email_verification.go:247.25,248.33 1 2
github.com/apteva/apps/mcp/crm/email_verification.go:249.17,250.26 1 0
github.com/apteva/apps/mcp/crm/email_verification.go:251.20,252.22 1 2
github.com/apteva/apps/mcp/crm/email_verification.go:253.63,254.35 1 0
github.com/apteva/apps/mcp/crm/email_verification.go:257.2,257.29 1 5
github.com/apteva/apps/mcp/crm/email_verification.go:257.29,259.3 1 0
github.com/apteva/apps/mcp/crm/email_verification.go:260.2,260.11 1 5
github.com/apteva/apps/mcp/crm/email_verification.go:263.83,264.156 1 4
github.com/apteva/apps/mcp/crm/email_verification.go:264.156,266.3 1 2
github.com/apteva/apps/mcp/crm/email_verification.go:267.2,267.42 1 2
github.com/apteva/apps/mcp/crm/email_verification.go:267.42,269.3 1 1
github.com/apteva/apps/mcp/crm/email_verification.go:270.2,270.128 1 1
github.com/apteva/apps/mcp/crm/email_verification.go:273.61,274.31 1 2
github.com/apteva/apps/mcp/crm/email_verification.go:274.31,275.20 1 2
github.com/apteva/apps/mcp/crm/email_verification.go:275.20,277.4 1 2
github.com/apteva/apps/mcp/crm/email_verification.go:279.2,279.14 1 0
github.com/apteva/apps/mcp/crm/email_verification.go:282.92,294.2 2 14
github.com/apteva/apps/mcp/crm/email_verification.go:296.90,297.16 1 12
github.com/apteva/apps/mcp/crm/email_verification.go:297.16,299.3 1 0
github.com/apteva/apps/mcp/crm/email_verification.go:300.2,301.16 2 12
github.com/apteva/apps/mcp/crm/email_verification.go:301.16,303.3 1 0
github.com/apteva/apps/mcp/crm/email_verification.go:304.2,305.35 2 12
github.com/apteva/apps/mcp/crm/email_verification.go:305.35,306.30 1 2
github.com/apteva/apps/mcp/crm/email_verification.go:306.30,308.4 1 2
github.com/apteva/apps/mcp/crm/email_verification.go:310.2,311.35 2 12
github.com/apteva/apps/mcp/crm/email_verification.go:311.35,312.63 1 14
github.com/apteva/apps/mcp/crm/email_verification.go:312.63,313.12 1 2
github.com/apteva/apps/mcp/crm/email_verification.go:315.3,315.41 1 12
github.com/apteva/apps/mcp/crm/email_verification.go:317.2,317.20 1 12
github.com/apteva/apps/mcp/crm/email_verification.go:320.192,322.28 2 115
github.com/apteva/apps/mcp/crm/email_verification.go:322.28,324.3 1 3
github.com/apteva/apps/mcp/crm/email_verification.go:325.2,326.19 2 112
github.com/apteva/apps/mcp/crm/email_verification.go:326.19,328.3 1 100
github.com/apteva/apps/mcp/crm/email_verification.go:329.2,330.36 2 12
github.com/apteva/apps/mcp/crm/email_verification.go:330.36,332.3 1 1
github.com/apteva/apps/mcp/crm/email_verification.go:334.2,339.31 6 11
github.com/apteva/apps/mcp/crm/email_verification.go:339.31,341.38 2 12
github.com/apteva/apps/mcp/crm/email_verification.go:341.38,346.22 5 12
github.com/apteva/apps/mcp/crm/email_verification.go:346.22,349.5 2 1
github.com/apteva/apps/mcp/crm/email_verification.go:350.4,351.74 2 11
github.com/apteva/apps/mcp/crm/email_verification.go:354.2,358.33 4 11
github.com/apteva/apps/mcp/crm/email_verification.go:358.33,360.176 2 12
github.com/apteva/apps/mcp/crm/email_verification.go:360.176,362.4 1 3
github.com/apteva/apps/mcp/crm/email_verification.go:364.2,364.23 1 11
github.com/apteva/apps/mcp/crm/email_verification.go:364.23,366.3 1 3
github.com/apteva/apps/mcp/crm/email_verification.go:367.2,367.30 1 8
github.com/apteva/apps/mcp/crm/email_verification.go:370.114,371.41 1 108
github.com/apteva/apps/mcp/crm/email_verification.go:371.41,373.3 1 100
github.com/apteva/apps/mcp/crm/email_verification.go:374.2,375.43 2 8
github.com/apteva/apps/mcp/crm/email_verification.go:375.43,376.30 1 10
github.com/apteva/apps/mcp/crm/email_verification.go:376.30,378.4 1 10
github.com/apteva/apps/mcp/crm/email_verification.go:380.2,380.25 1 8
github.com/apteva/apps/mcp/crm/email_verification.go:380.25,382.3 1 9
github.com/apteva/apps/mcp/crm/email_verification.go:383.2,383.16 1 8
github.com/apteva/apps/mcp/crm/email_verification.go:386.156,388.16 2 104
github.com/apteva/apps/mcp/crm/email_verification.go:388.16,390.3 1 3
github.com/apteva/apps/mcp/crm/email_verification.go:391.2,392.16 2 101
github.com/apteva/apps/mcp/crm/email_verification.go:392.16,394.3 1 2
github.com/apteva/apps/mcp/crm/email_verification.go:395.2,395.59 1 99
github.com/apteva/apps/mcp/crm/email_verification.go:395.59,397.3 1 0
github.com/apteva/apps/mcp/crm/email_verification.go:398.2,398.69 1 99
github.com/apteva/apps/mcp/crm/email_verification.go:401.162,403.16 2 11
github.com/apteva/apps/mcp/crm/email_verification.go:403.16,405.3 1 0
github.com/apteva/apps/mcp/crm/email_verification.go:406.2,406.21 1 11
github.com/apteva/apps/mcp/crm/email_verification.go:406.21,408.3 1 0
github.com/apteva/apps/mcp/crm/email_verification.go:409.2,409.60 1 11
github.com/apteva/apps/mcp/crm/email_verification.go:409.60,411.3 1 0
github.com/apteva/apps/mcp/crm/email_verification.go:412.2,413.16 2 11
github.com/apteva/apps/mcp/crm/email_verification.go:413.16,415.3 1 0
github.com/apteva/apps/mcp/crm/email_verification.go:416.2,417.16 2 11
github.com/apteva/apps/mcp/crm/email_verification.go:417.16,419.3 1 2
github.com/apteva/apps/mcp/crm/email_verification.go:420.2,420.69 1 9
github.com/apteva/apps/mcp/crm/email_verification.go:423.194,426.16 3 15
github.com/apteva/apps/mcp/crm/email_verification.go:426.16,428.3 1 0
github.com/apteva/apps/mcp/crm/email_verification.go:429.2,429.21 1 15
github.com/apteva/apps/mcp/crm/email_verification.go:429.21,432.3 2 3
github.com/apteva/apps/mcp/crm/email_verification.go:433.2,434.34 2 12
github.com/apteva/apps/mcp/crm/email_verification.go:434.34,436.3 1 15
github.com/apteva/apps/mcp/crm/email_verification.go:437.2,440.16 4 12
github.com/apteva/apps/mcp/crm/email_verification.go:440.16,441.106 1 0
github.com/apteva/apps/mcp/crm/email_verification.go:441.106,444.4 2 0
github.com/apteva/apps/mcp/crm/email_verification.go:445.3,445.34 1 0
github.com/apteva/apps/mcp/crm/email_verification.go:447.2,447.36 1 12
github.com/apteva/apps/mcp/crm/email_verification.go:450.145,455.36 2 2
github.com/apteva/apps/mcp/crm/email_verification.go:455.36,457.3 1 0
github.com/apteva/apps/mcp/crm/email_verification.go:458.2,458.21 1 2
github.com/apteva/apps/mcp/crm/email_verification.go:458.21,460.3 1 0
github.com/apteva/apps/mcp/crm/email_verification.go:461.2,463.16 3 2
github.com/apteva/apps/mcp/crm/email_verification.go:463.16,465.3 1 0
github.com/apteva/apps/mcp/crm/email_verification.go:466.2,478.16 5 2
github.com/apteva/apps/mcp/crm/email_verification.go:478.16,480.3 1 0
github.com/apteva/apps/mcp/crm/email_verification.go:481.2,481.52 1 2
github.com/apteva/apps/mcp/crm/email_verification.go:481.52,483.3 1 0
github.com/apteva/apps/mcp/crm/email_verification.go:484.2,485.34 2 2
github.com/apteva/apps/mcp/crm/email_verification.go:485.34,487.3 1 0
github.com/apteva/apps/mcp/crm/email_verification.go:488.2,488.59 1 2
github.com/apteva/apps/mcp/crm/email_verification.go:488.59,490.3 1 0
github.com/apteva/apps/mcp/crm/email_verification.go:491.2,492.29 2 2
github.com/apteva/apps/mcp/crm/inbound_classify.go:42.85,44.29 1 23
github.com/apteva/apps/mcp/crm/inbound_classify.go:44.29,45.107 1 19
github.com/apteva/apps/mcp/crm/inbound_classify.go:45.107,47.4 1 1
github.com/apteva/apps/mcp/crm/inbound_classify.go:48.3,48.53 1 18
github.com/apteva/apps/mcp/crm/inbound_classify.go:48.53,49.49 1 2
github.com/apteva/apps/mcp/crm/inbound_classify.go:50.32,51.36 1 2
github.com/apteva/apps/mcp/crm/inbound_classify.go:54.3,54.86 1 16
github.com/apteva/apps/mcp/crm/inbound_classify.go:54.86,56.4 1 1
github.com/apteva/apps/mcp/crm/inbound_classify.go:57.3,57.57 1 15
github.com/apteva/apps/mcp/crm/inbound_classify.go:57.57,59.4 1 0
github.com/apteva/apps/mcp/crm/inbound_classify.go:60.3,60.67 1 15
github.com/apteva/apps/mcp/crm/inbound_classify.go:60.67,62.4 1 1
github.com/apteva/apps/mcp/crm/inbound_classify.go:67.2,67.62 1 18
github.com/apteva/apps/mcp/crm/inbound_classify.go:67.62,68.43 1 14
github.com/apteva/apps/mcp/crm/inbound_classify.go:68.43,73.39 1 186
github.com/apteva/apps/mcp/crm/inbound_classify.go:73.39,75.5 1 4
github.com/apteva/apps/mcp/crm/inbound_classify.go:78.2,78.44 1 14
github.com/apteva/apps/mcp/crm/inbound_classify.go:78.44,79.46 1 10
github.com/apteva/apps/mcp/crm/inbound_classify.go:79.46,80.59 1 10
github.com/apteva/apps/mcp/crm/inbound_classify.go:80.59,82.5 1 2
github.com/apteva/apps/mcp/crm/inbound_classify.go:85.2,85.18 1 12
github.com/apteva/apps/mcp/crm/inbound_classify.go:88.38,90.48 2 18
github.com/apteva/apps/mcp/crm/inbound_classify.go:90.48,92.3 1 14
github.com/apteva/apps/mcp/crm/inbound_classify.go:93.2,93.11 1 4
github.com/apteva/apps/mcp/crm/inbound_classify.go:99.59,100.28 1 52
github.com/apteva/apps/mcp/crm/inbound_classify.go:100.28,101.32 1 13
github.com/apteva/apps/mcp/crm/inbound_classify.go:101.32,103.4 1 5
github.com/apteva/apps/mcp/crm/inbound_classify.go:105.2,105.11 1 47
github.com/apteva/apps/mcp/crm/inbound_classify.go:108.61,109.25 1 46
github.com/apteva/apps/mcp/crm/inbound_classify.go:109.25,110.32 1 7
github.com/apteva/apps/mcp/crm/inbound_classify.go:110.32,112.4 1 1
github.com/apteva/apps/mcp/crm/inbound_classify.go:114.2,114.14 1 45
github.com/apteva/apps/mcp/crm/inbound_classify.go:117.35,118.23 1 5
github.com/apteva/apps/mcp/crm/inbound_classify.go:119.14,120.11 1 5
github.com/apteva/apps/mcp/crm/inbound_classify.go:121.13,122.17 1 0
github.com/apteva/apps/mcp/crm/inbound_classify.go:122.17,123.34 1 0
github.com/apteva/apps/mcp/crm/inbound_classify.go:123.34,125.5 1 0
github.com/apteva/apps/mcp/crm/inbound_classify.go:128.2,128.11 1 0
github.com/apteva/apps/mcp/crm/lists.go:46.67,47.18 1 18
github.com/apteva/apps/mcp/crm/lists.go:47.18,49.3 1 6
github.com/apteva/apps/mcp/crm/lists.go:50.2,50.18 1 18
github.com/apteva/apps/mcp/crm/lists.go:50.18,52.3 1 0
github.com/apteva/apps/mcp/crm/lists.go:53.2,53.18 1 18
github.com/apteva/apps/mcp/crm/lists.go:53.18,55.3 1 0
github.com/apteva/apps/mcp/crm/lists.go:56.2,65.16 2 18
github.com/apteva/apps/mcp/crm/lists.go:65.16,67.29 1 0
github.com/apteva/apps/mcp/crm/lists.go:67.29,69.4 1 0
github.com/apteva/apps/mcp/crm/lists.go:70.3,70.18 1 0
github.com/apteva/apps/mcp/crm/lists.go:72.2,73.31 2 18
github.com/apteva/apps/mcp/crm/lists.go:76.65,88.58 3 35
github.com/apteva/apps/mcp/crm/lists.go:88.58,89.36 1 1
github.com/apteva/apps/mcp/crm/lists.go:89.36,91.4 1 1
github.com/apteva/apps/mcp/crm/lists.go:92.3,92.18 1 0
github.com/apteva/apps/mcp/crm/lists.go:94.2,94.15 1 34
github.com/apteva/apps/mcp/crm/lists.go:97.64,109.58 3 4
github.com/apteva/apps/mcp/crm/lists.go:109.58,110.36 1 0
github.com/apteva/apps/mcp/crm/lists.go:110.36,112.4 1 0
github.com/apteva/apps/mcp/crm/lists.go:113.3,113.18 1 0
github.com/apteva/apps/mcp/crm/lists.go:115.2,115.15 1 4
github.com/apteva/apps/mcp/crm/lists.go:121.77,122.19 1 1
github.com/apteva/apps/mcp/crm/lists.go:122.19,124.3 1 0
github.com/apteva/apps/mcp/crm/lists.go:125.2,138.58 3 1
github.com/apteva/apps/mcp/crm/lists.go:138.58,139.36 1 0
github.com/apteva/apps/mcp/crm/lists.go:139.36,141.4 1 0
github.com/apteva/apps/mcp/crm/lists.go:142.3,142.18 1 0
github.com/apteva/apps/mcp/crm/lists.go:144.2,144.15 1 1
github.com/apteva/apps/mcp/crm/lists.go:147.80,149.22 2 0
github.com/apteva/apps/mcp/crm/lists.go:149.22,151.3 1 0
github.com/apteva/apps/mcp/crm/lists.go:152.2,163.16 2 0
github.com/apteva/apps/mcp/crm/lists.go:163.16,165.3 1 0
github.com/apteva/apps/mcp/crm/lists.go:166.2,168.18 3 0
github.com/apteva/apps/mcp/crm/lists.go:168.18,172.75 2 0
github.com/apteva/apps/mcp/crm/lists.go:172.75,174.4 1 0
github.com/apteva/apps/mcp/crm/lists.go:176.2,176.17 1 0
github.com/apteva/apps/mcp/crm/lists.go:179.90,189.26 4 0
github.com/apteva/apps/mcp/crm/lists.go:189.26,190.18 1 0
github.com/apteva/apps/mcp/crm/lists.go:190.18,191.12 1 0
github.com/apteva/apps/mcp/crm/lists.go:193.3,194.41 2 0
github.com/apteva/apps/mcp/crm/lists.go:194.41,196.4 1 0
github.com/apteva/apps/mcp/crm/lists.go:196.9,198.4 1 0
github.com/apteva/apps/mcp/crm/lists.go:200.2,200.20 1 0
github.com/apteva/apps/mcp/crm/lists.go:200.20,202.3 1 0
github.com/apteva/apps/mcp/crm/lists.go:203.2,209.16 3 0
github.com/apteva/apps/mcp/crm/lists.go:209.16,211.3 1 0
github.com/apteva/apps/mcp/crm/lists.go:212.2,212.31 1 0
github.com/apteva/apps/mcp/crm/lists.go:215.60,222.2 2 0
github.com/apteva/apps/mcp/crm/lists.go:227.93,228.18 1 17
github.com/apteva/apps/mcp/crm/lists.go:228.18,230.3 1 0
github.com/apteva/apps/mcp/crm/lists.go:231.2,239.50 2 17
github.com/apteva/apps/mcp/crm/lists.go:239.50,241.3 1 0
github.com/apteva/apps/mcp/crm/lists.go:242.2,242.21 1 17
github.com/apteva/apps/mcp/crm/lists.go:242.21,244.3 1 0
github.com/apteva/apps/mcp/crm/lists.go:245.2,245.24 1 17
github.com/apteva/apps/mcp/crm/lists.go:245.24,247.3 1 1
github.com/apteva/apps/mcp/crm/lists.go:248.2,254.12 2 16
github.com/apteva/apps/mcp/crm/lists.go:257.81,264.2 2 1
github.com/apteva/apps/mcp/crm/lists.go:268.82,281.16 2 102
github.com/apteva/apps/mcp/crm/lists.go:281.16,283.3 1 0
github.com/apteva/apps/mcp/crm/lists.go:284.2,286.18 3 102
github.com/apteva/apps/mcp/crm/lists.go:286.18,290.59 2 9
github.com/apteva/apps/mcp/crm/lists.go:290.59,292.4 1 9
github.com/apteva/apps/mcp/crm/lists.go:294.2,294.17 1 102
github.com/apteva/apps/mcp/crm/lists.go:298.89,299.31 1 1
github.com/apteva/apps/mcp/crm/lists.go:299.31,301.3 1 0
github.com/apteva/apps/mcp/crm/lists.go:302.2,318.16 2 1
github.com/apteva/apps/mcp/crm/lists.go:318.16,320.3 1 0
github.com/apteva/apps/mcp/crm/lists.go:321.2,323.18 3 1
github.com/apteva/apps/mcp/crm/lists.go:323.18,326.86 2 1
github.com/apteva/apps/mcp/crm/lists.go:326.86,328.4 1 1
github.com/apteva/apps/mcp/crm/lists.go:330.2,330.17 1 1
github.com/apteva/apps/mcp/crm/lists.go:335.82,337.16 2 14
github.com/apteva/apps/mcp/crm/lists.go:337.16,339.3 1 0
github.com/apteva/apps/mcp/crm/lists.go:340.2,348.34 2 14
github.com/apteva/apps/mcp/crm/lists.go:348.34,350.3 1 0
github.com/apteva/apps/mcp/crm/lists.go:351.2,352.16 2 14
github.com/apteva/apps/mcp/crm/lists.go:352.16,354.3 1 0
github.com/apteva/apps/mcp/crm/lists.go:355.2,356.41 2 14
github.com/apteva/apps/mcp/crm/lists.go:359.80,361.16 2 0
github.com/apteva/apps/mcp/crm/lists.go:361.16,363.3 1 0
github.com/apteva/apps/mcp/crm/lists.go:364.2,366.16 3 0
github.com/apteva/apps/mcp/crm/lists.go:366.16,368.3 1 0
github.com/apteva/apps/mcp/crm/lists.go:369.2,369.61 1 0
github.com/apteva/apps/mcp/crm/lists.go:372.79,374.16 2 0
github.com/apteva/apps/mcp/crm/lists.go:374.16,376.3 1 0
github.com/apteva/apps/mcp/crm/lists.go:377.2,380.13 4 0
github.com/apteva/apps/mcp/crm/lists.go:380.13,382.3 1 0
github.com/apteva/apps/mcp/crm/lists.go:382.8,382.23 1 0
github.com/apteva/apps/mcp/crm/lists.go:382.23,384.3 1 0
github.com/apteva/apps/mcp/crm/lists.go:384.8,386.3 1 0
github.com/apteva/apps/mcp/crm/lists.go:387.2,387.16 1 0
github.com/apteva/apps/mcp/crm/lists.go:387.16,389.3 1 0
github.com/apteva/apps/mcp/crm/lists.go:390.2,390.14 1 0
github.com/apteva/apps/mcp/crm/lists.go:390.14,392.3 1 0
github.com/apteva/apps/mcp/crm/lists.go:393.2,393.54 1 0
github.com/apteva/apps/mcp/crm/lists.go:396.82,398.16 2 0
github.com/apteva/apps/mcp/crm/lists.go:398.16,400.3 1 0
github.com/apteva/apps/mcp/crm/lists.go:401.2,402.13 2 0
github.com/apteva/apps/mcp/crm/lists.go:402.13,404.3 1 0
github.com/apteva/apps/mcp/crm/lists.go:405.2,406.18 2 0
github.com/apteva/apps/mcp/crm/lists.go:406.18,408.3 1 0
github.com/apteva/apps/mcp/crm/lists.go:409.2,410.16 2 0
github.com/apteva/apps/mcp/crm/lists.go:410.16,412.3 1 0
github.com/apteva/apps/mcp/crm/lists.go:413.2,414.41 2 0
github.com/apteva/apps/mcp/crm/lists.go:417.83,419.16 2 0
github.com/apteva/apps/mcp/crm/lists.go:419.16,421.3 1 0
github.com/apteva/apps/mcp/crm/lists.go:422.2,423.13 2 0
github.com/apteva/apps/mcp/crm/lists.go:423.13,425.3 1 0
github.com/apteva/apps/mcp/crm/lists.go:426.2,426.60 1 0
github.com/apteva/apps/mcp/crm/lists.go:426.60,428.3 1 0
github.com/apteva/apps/mcp/crm/lists.go:429.2,430.56 2 0
github.com/apteva/apps/mcp/crm/lists.go:433.86,435.16 2 1
github.com/apteva/apps/mcp/crm/lists.go:435.16,437.3 1 0
github.com/apteva/apps/mcp/crm/lists.go:438.2,440.29 3 1
github.com/apteva/apps/mcp/crm/lists.go:440.29,442.3 1 0
github.com/apteva/apps/mcp/crm/lists.go:443.2,444.80 2 1
github.com/apteva/apps/mcp/crm/lists.go:444.80,446.3 1 0
github.com/apteva/apps/mcp/crm/lists.go:447.2,448.81 2 1
github.com/apteva/apps/mcp/crm/lists.go:451.89,453.16 2 0
github.com/apteva/apps/mcp/crm/lists.go:453.16,455.3 1 0
github.com/apteva/apps/mcp/crm/lists.go:456.2,458.29 3 0
github.com/apteva/apps/mcp/crm/lists.go:458.29,460.3 1 0
github.com/apteva/apps/mcp/crm/lists.go:461.2,461.75 1 0
github.com/apteva/apps/mcp/crm/lists.go:461.75,463.3 1 0
github.com/apteva/apps/mcp/crm/lists.go:464.2,465.83 2 0
github.com/apteva/apps/mcp/crm/lists.go:472.80,474.16 2 0
github.com/apteva/apps/mcp/crm/lists.go:474.16,476.3 1 0
github.com/apteva/apps/mcp/crm/lists.go:477.2,478.17 2 0
github.com/apteva/apps/mcp/crm/lists.go:478.17,480.3 1 0
github.com/apteva/apps/mcp/crm/lists.go:481.2,481.17 1 0
github.com/apteva/apps/mcp/crm/lists.go:481.17,483.3 1 0
github.com/apteva/apps/mcp/crm/lists.go:484.2,485.33 2 0
github.com/apteva/apps/mcp/crm/lists.go:485.33,487.3 1 0
github.com/apteva/apps/mcp/crm/lists.go:490.2,498.16 2 0
github.com/apteva/apps/mcp/crm/lists.go:498.16,500.3 1 0
github.com/apteva/apps/mcp/crm/lists.go:501.2,503.18 3 0
github.com/apteva/apps/mcp/crm/lists.go:503.18,505.40 2 0
github.com/apteva/apps/mcp/crm/lists.go:505.40,507.4 1 0
github.com/apteva/apps/mcp/crm/lists.go:510.2,519.64 4 0
github.com/apteva/apps/mcp/crm/lists.go:522.86,524.16 2 0
github.com/apteva/apps/mcp/crm/lists.go:524.16,526.3 1 0
github.com/apteva/apps/mcp/crm/lists.go:527.2,528.14 2 0
github.com/apteva/apps/mcp/crm/lists.go:528.14,530.3 1 0
github.com/apteva/apps/mcp/crm/lists.go:531.2,532.16 2 0
github.com/apteva/apps/mcp/crm/lists.go:532.16,534.3 1 0
github.com/apteva/apps/mcp/crm/lists.go:535.2,535.61 1 0
github.com/apteva/apps/mcp/crm/lists.go:541.71,542.18 1 0
github.com/apteva/apps/mcp/crm/lists.go:543.22,544.29 1 0
github.com/apteva/apps/mcp/crm/lists.go:545.23,546.32 1 0
github.com/apteva/apps/mcp/crm/lists.go:547.10,548.64 1 0
github.com/apteva/apps/mcp/crm/lists.go:553.74,557.17 4 0
github.com/apteva/apps/mcp/crm/lists.go:557.17,560.3 2 0
github.com/apteva/apps/mcp/crm/lists.go:561.2,561.46 1 0
github.com/apteva/apps/mcp/crm/lists.go:561.46,562.19 1 0
github.com/apteva/apps/mcp/crm/lists.go:563.23,564.41 1 0
github.com/apteva/apps/mcp/crm/lists.go:565.24,566.43 1 0
github.com/apteva/apps/mcp/crm/lists.go:567.26,568.40 1 0
github.com/apteva/apps/mcp/crm/lists.go:568.40,571.5 2 0
github.com/apteva/apps/mcp/crm/lists.go:572.4,573.51 2 0
github.com/apteva/apps/mcp/crm/lists.go:574.11,575.65 1 0
github.com/apteva/apps/mcp/crm/lists.go:577.3,577.9 1 0
github.com/apteva/apps/mcp/crm/lists.go:579.2,579.18 1 0
github.com/apteva/apps/mcp/crm/lists.go:580.22,581.36 1 0
github.com/apteva/apps/mcp/crm/lists.go:582.24,583.39 1 0
github.com/apteva/apps/mcp/crm/lists.go:584.25,585.40 1 0
github.com/apteva/apps/mcp/crm/lists.go:586.10,587.64 1 0
github.com/apteva/apps/mcp/crm/lists.go:591.74,593.16 2 0
github.com/apteva/apps/mcp/crm/lists.go:593.16,596.3 2 0
github.com/apteva/apps/mcp/crm/lists.go:597.2,599.16 3 0
github.com/apteva/apps/mcp/crm/lists.go:599.16,602.3 2 0
github.com/apteva/apps/mcp/crm/lists.go:603.2,603.62 1 0
github.com/apteva/apps/mcp/crm/lists.go:606.77,608.16 2 0
github.com/apteva/apps/mcp/crm/lists.go:608.16,611.3 2 0
github.com/apteva/apps/mcp/crm/lists.go:612.2,613.52 2 0
github.com/apteva/apps/mcp/crm/lists.go:613.52,616.3 2 0
github.com/apteva/apps/mcp/crm/lists.go:617.2,625.34 2 0
github.com/apteva/apps/mcp/crm/lists.go:625.34,628.3 2 0
github.com/apteva/apps/mcp/crm/lists.go:629.2,630.16 2 0
github.com/apteva/apps/mcp/crm/lists.go:630.16,633.3 2 0
github.com/apteva/apps/mcp/crm/lists.go:634.2,635.42 2 0
github.com/apteva/apps/mcp/crm/lists.go:638.83,640.16 2 0
github.com/apteva/apps/mcp/crm/lists.go:640.16,643.3 2 0
github.com/apteva/apps/mcp/crm/lists.go:644.2,645.16 2 0
github.com/apteva/apps/mcp/crm/lists.go:645.16,648.3 2 0
github.com/apteva/apps/mcp/crm/lists.go:649.2,649.14 1 0
github.com/apteva/apps/mcp/crm/lists.go:649.14,652.3 2 0
github.com/apteva/apps/mcp/crm/lists.go:653.2,653.40 1 0
github.com/apteva/apps/mcp/crm/lists.go:656.86,658.16 2 0
github.com/apteva/apps/mcp/crm/lists.go:658.16,661.3 2 0
github.com/apteva/apps/mcp/crm/lists.go:662.2,663.53 2 0
github.com/apteva/apps/mcp/crm/lists.go:663.53,666.3 2 0
github.com/apteva/apps/mcp/crm/lists.go:667.2,668.16 2 0
github.com/apteva/apps/mcp/crm/lists.go:668.16,671.3 2 0
github.com/apteva/apps/mcp/crm/lists.go:672.2,673.42 2 0
github.com/apteva/apps/mcp/crm/lists.go:676.87,678.16 2 0
github.com/apteva/apps/mcp/crm/lists.go:678.16,681.3 2 0
github.com/apteva/apps/mcp/crm/lists.go:682.2,682.66 1 0
github.com/apteva/apps/mcp/crm/lists.go:682.66,685.3 2 0
github.com/apteva/apps/mcp/crm/lists.go:686.2,687.57 2 0
github.com/apteva/apps/mcp/crm/lists.go:690.87,692.16 2 0
github.com/apteva/apps/mcp/crm/lists.go:692.16,695.3 2 0
github.com/apteva/apps/mcp/crm/lists.go:696.2,698.16 3 0
github.com/apteva/apps/mcp/crm/lists.go:698.16,701.3 2 0
github.com/apteva/apps/mcp/crm/lists.go:702.2,702.65 1 0
github.com/apteva/apps/mcp/crm/lists.go:705.93,707.16 2 0
github.com/apteva/apps/mcp/crm/lists.go:707.16,710.3 2 0
github.com/apteva/apps/mcp/crm/lists.go:711.2,712.52 2 0
github.com/apteva/apps/mcp/crm/lists.go:712.52,715.3 2 0
github.com/apteva/apps/mcp/crm/lists.go:716.2,717.14 2 0
github.com/apteva/apps/mcp/crm/lists.go:717.14,720.3 2 0
github.com/apteva/apps/mcp/crm/lists.go:721.2,722.86 2 0
github.com/apteva/apps/mcp/crm/lists.go:722.86,725.3 2 0
github.com/apteva/apps/mcp/crm/lists.go:726.2,727.82 2 0
github.com/apteva/apps/mcp/crm/lists.go:735.78,737.16 2 0
github.com/apteva/apps/mcp/crm/lists.go:737.16,740.3 2 0
github.com/apteva/apps/mcp/crm/lists.go:741.2,744.14 4 0
github.com/apteva/apps/mcp/crm/lists.go:744.14,747.3 2 0
github.com/apteva/apps/mcp/crm/lists.go:748.2,748.18 1 0
github.com/apteva/apps/mcp/crm/lists.go:749.22,751.17 2 0
github.com/apteva/apps/mcp/crm/lists.go:751.17,754.4 2 0
github.com/apteva/apps/mcp/crm/lists.go:755.3,755.63 1 0
github.com/apteva/apps/mcp/crm/lists.go:756.23,758.53 2 0
github.com/apteva/apps/mcp/crm/lists.go:758.53,761.4 2 0
github.com/apteva/apps/mcp/crm/lists.go:762.3,763.18 2 0
github.com/apteva/apps/mcp/crm/lists.go:763.18,766.4 2 0
github.com/apteva/apps/mcp/crm/lists.go:767.3,767.103 1 0
github.com/apteva/apps/mcp/crm/lists.go:767.103,770.4 2 0
github.com/apteva/apps/mcp/crm/lists.go:771.3,772.83 2 0
github.com/apteva/apps/mcp/crm/lists.go:773.10,774.64 1 0
github.com/apteva/apps/mcp/crm/lists.go:778.107,780.16 2 0
github.com/apteva/apps/mcp/crm/lists.go:780.16,783.3 2 0
github.com/apteva/apps/mcp/crm/lists.go:784.2,784.87 1 0
github.com/apteva/apps/mcp/crm/lists.go:784.87,787.3 2 0
github.com/apteva/apps/mcp/crm/lists.go:788.2,789.90 2 0
github.com/apteva/apps/mcp/crm/lists.go:797.35,799.13 2 6
github.com/apteva/apps/mcp/crm/lists.go:799.13,801.3 1 0
github.com/apteva/apps/mcp/crm/lists.go:802.2,804.30 3 6
github.com/apteva/apps/mcp/crm/lists.go:804.30,806.55 2 59
github.com/apteva/apps/mcp/crm/lists.go:806.55,809.4 2 56
github.com/apteva/apps/mcp/crm/lists.go:809.9,809.25 1 3
github.com/apteva/apps/mcp/crm/lists.go:809.25,812.4 2 3
github.com/apteva/apps/mcp/crm/lists.go:814.2,816.12 3 6
github.com/apteva/apps/mcp/crm/lists.go:822.63,823.14 1 0
github.com/apteva/apps/mcp/crm/lists.go:823.14,825.3 1 0
github.com/apteva/apps/mcp/crm/lists.go:826.2,826.17 1 0
github.com/apteva/apps/mcp/crm/lists.go:827.20,828.49 1 0
github.com/apteva/apps/mcp/crm/lists.go:829.35,830.49 1 0
github.com/apteva/apps/mcp/crm/lists.go:832.2,832.11 1 0
github.com/apteva/apps/mcp/crm/lists.go:837.26,839.2 1 0
github.com/apteva/apps/mcp/crm/main.go:456.39,458.16 2 9
github.com/apteva/apps/mcp/crm/main.go:458.16,459.53 1 0
github.com/apteva/apps/mcp/crm/main.go:461.2,461.11 1 9
github.com/apteva/apps/mcp/crm/main.go:464.46,465.24 1 0
github.com/apteva/apps/mcp/crm/main.go:465.24,467.3 1 0
github.com/apteva/apps/mcp/crm/main.go:472.2,475.12 3 0
github.com/apteva/apps/mcp/crm/main.go:478.47,478.61 1 0
github.com/apteva/apps/mcp/crm/main.go:479.47,479.61 1 0
github.com/apteva/apps/mcp/crm/main.go:480.47,480.83 1 0
github.com/apteva/apps/mcp/crm/main.go:481.50,486.2 1 0
github.com/apteva/apps/mcp/crm/main.go:494.40,527.2 1 0
github.com/apteva/apps/mcp/crm/main.go:532.84,533.18 1 0
github.com/apteva/apps/mcp/crm/main.go:534.22,535.27 1 0
github.com/apteva/apps/mcp/crm/main.go:536.23,537.27 1 0
github.com/apteva/apps/mcp/crm/main.go:538.10,539.64 1 0
github.com/apteva/apps/mcp/crm/main.go:546.77,549.21 3 2
github.com/apteva/apps/mcp/crm/main.go:549.21,550.19 1 1
github.com/apteva/apps/mcp/crm/main.go:551.21,552.20 1 0
github.com/apteva/apps/mcp/crm/main.go:553.24,554.33 1 0
github.com/apteva/apps/mcp/crm/main.go:555.25,556.35 1 0
github.com/apteva/apps/mcp/crm/main.go:557.12,558.66 1 0
github.com/apteva/apps/mcp/crm/main.go:560.4,560.10 1 0
github.com/apteva/apps/mcp/crm/main.go:561.19,563.10 2 0
github.com/apteva/apps/mcp/crm/main.go:564.16,566.10 2 0
github.com/apteva/apps/mcp/crm/main.go:567.24,572.11 2 0
github.com/apteva/apps/mcp/crm/main.go:573.43,574.44 1 0
github.com/apteva/apps/mcp/crm/main.go:575.37,576.38 1 0
github.com/apteva/apps/mcp/crm/main.go:577.12,578.40 1 0
github.com/apteva/apps/mcp/crm/main.go:580.4,580.10 1 0
github.com/apteva/apps/mcp/crm/main.go:581.21,583.10 2 0
github.com/apteva/apps/mcp/crm/main.go:584.19,586.10 2 1
github.com/apteva/apps/mcp/crm/main.go:587.16,589.10 2 0
github.com/apteva/apps/mcp/crm/main.go:590.24,592.10 2 0
github.com/apteva/apps/mcp/crm/main.go:595.2,595.18 1 1
github.com/apteva/apps/mcp/crm/main.go:596.22,597.31 1 0
github.com/apteva/apps/mcp/crm/main.go:598.40,603.27 1 1
github.com/apteva/apps/mcp/crm/main.go:604.25,605.28 1 0
github.com/apteva/apps/mcp/crm/main.go:606.10,607.64 1 0
github.com/apteva/apps/mcp/crm/main.go:613.74,614.18 1 0
github.com/apteva/apps/mcp/crm/main.go:615.22,616.33 1 0
github.com/apteva/apps/mcp/crm/main.go:617.23,618.34 1 0
github.com/apteva/apps/mcp/crm/main.go:619.10,620.64 1 0
github.com/apteva/apps/mcp/crm/main.go:628.78,629.33 1 0
github.com/apteva/apps/mcp/crm/main.go:629.33,632.3 2 0
github.com/apteva/apps/mcp/crm/main.go:633.2,635.16 3 0
github.com/apteva/apps/mcp/crm/main.go:635.16,638.3 2 0
github.com/apteva/apps/mcp/crm/main.go:639.2,642.13 4 0
github.com/apteva/apps/mcp/crm/main.go:642.13,645.3 2 0
github.com/apteva/apps/mcp/crm/main.go:646.2,647.52 2 0
github.com/apteva/apps/mcp/crm/main.go:647.52,650.3 2 0
github.com/apteva/apps/mcp/crm/main.go:651.2,652.15 2 0
github.com/apteva/apps/mcp/crm/main.go:652.15,655.3 2 0
github.com/apteva/apps/mcp/crm/main.go:656.2,657.18 2 0
github.com/apteva/apps/mcp/crm/main.go:657.18,659.3 1 0
github.com/apteva/apps/mcp/crm/main.go:660.2,660.89 1 0
github.com/apteva/apps/mcp/crm/main.go:660.89,663.3 2 0
github.com/apteva/apps/mcp/crm/main.go:664.2,664.41 1 0
github.com/apteva/apps/mcp/crm/main.go:669.78,672.16 3 0
github.com/apteva/apps/mcp/crm/main.go:672.16,675.3 2 0
github.com/apteva/apps/mcp/crm/main.go:676.2,679.13 4 0
github.com/apteva/apps/mcp/crm/main.go:679.13,682.3 2 0
github.com/apteva/apps/mcp/crm/main.go:683.2,684.52 2 0
github.com/apteva/apps/mcp/crm/main.go:684.52,687.3 2 0
github.com/apteva/apps/mcp/crm/main.go:688.2,690.34 3 0
github.com/apteva/apps/mcp/crm/main.go:690.34,693.3 2 0
github.com/apteva/apps/mcp/crm/main.go:694.2,695.20 2 0
github.com/apteva/apps/mcp/crm/main.go:695.20,697.3 1 0
github.com/apteva/apps/mcp/crm/main.go:698.2,700.16 3 0
github.com/apteva/apps/mcp/crm/main.go:700.16,703.3 2 0
github.com/apteva/apps/mcp/crm/main.go:704.2,704.46 1 0
github.com/apteva/apps/mcp/crm/main.go:709.37,1353.2 1 5
github.com/apteva/apps/mcp/crm/main.go:1355.13,1355.32 1 0
github.com/apteva/apps/mcp/crm/main.go:1370.66,1371.73 1 243
github.com/apteva/apps/mcp/crm/main.go:1371.73,1373.3 1 242
github.com/apteva/apps/mcp/crm/main.go:1374.2,1374.58 1 1
github.com/apteva/apps/mcp/crm/main.go:1374.58,1376.3 1 0
github.com/apteva/apps/mcp/crm/main.go:1377.2,1377.84 1 1
github.com/apteva/apps/mcp/crm/main.go:1380.65,1381.73 1 11
github.com/apteva/apps/mcp/crm/main.go:1381.73,1383.3 1 11
github.com/apteva/apps/mcp/crm/main.go:1384.2,1384.51 1 0
github.com/apteva/apps/mcp/crm/main.go:1384.51,1386.3 1 0
github.com/apteva/apps/mcp/crm/main.go:1387.2,1387.88 1 0
github.com/apteva/apps/mcp/crm/main.go:1516.77,1518.16 2 13
github.com/apteva/apps/mcp/crm/main.go:1518.16,1520.3 1 0
github.com/apteva/apps/mcp/crm/main.go:1521.2,1523.31 3 13
github.com/apteva/apps/mcp/crm/main.go:1523.31,1525.3 1 0
github.com/apteva/apps/mcp/crm/main.go:1526.2,1529.16 4 13
github.com/apteva/apps/mcp/crm/main.go:1529.16,1531.3 1 0
github.com/apteva/apps/mcp/crm/main.go:1532.2,1533.16 2 13
github.com/apteva/apps/mcp/crm/main.go:1533.16,1535.3 1 0
github.com/apteva/apps/mcp/crm/main.go:1536.2,1536.100 1 13
github.com/apteva/apps/mcp/crm/main.go:1539.74,1541.16 2 6
github.com/apteva/apps/mcp/crm/main.go:1541.16,1543.3 1 0
github.com/apteva/apps/mcp/crm/main.go:1544.2,1545.16 2 6
github.com/apteva/apps/mcp/crm/main.go:1545.16,1547.3 1 0
github.com/apteva/apps/mcp/crm/main.go:1548.2,1548.14 1 6
github.com/apteva/apps/mcp/crm/main.go:1548.14,1550.3 1 0
github.com/apteva/apps/mcp/crm/main.go:1551.2,1553.16 3 6
github.com/apteva/apps/mcp/crm/main.go:1553.16,1555.3 1 0
github.com/apteva/apps/mcp/crm/main.go:1556.2,1556.57 1 6
github.com/apteva/apps/mcp/crm/main.go:1559.81,1561.16 2 5
github.com/apteva/apps/mcp/crm/main.go:1561.16,1563.3 1 0
github.com/apteva/apps/mcp/crm/main.go:1564.2,1568.16 5 5
github.com/apteva/apps/mcp/crm/main.go:1568.16,1570.3 1 0
github.com/apteva/apps/mcp/crm/main.go:1571.2,1571.14 1 5
github.com/apteva/apps/mcp/crm/main.go:1571.14,1576.3 1 0
github.com/apteva/apps/mcp/crm/main.go:1577.2,1579.16 3 5
github.com/apteva/apps/mcp/crm/main.go:1579.16,1581.3 1 0
github.com/apteva/apps/mcp/crm/main.go:1582.2,1583.16 2 5
github.com/apteva/apps/mcp/crm/main.go:1583.16,1585.3 1 0
github.com/apteva/apps/mcp/crm/main.go:1586.2,1587.16 2 5
github.com/apteva/apps/mcp/crm/main.go:1587.16,1589.3 1 0
github.com/apteva/apps/mcp/crm/main.go:1590.2,1591.16 2 5
github.com/apteva/apps/mcp/crm/main.go:1591.16,1593.3 1 0
github.com/apteva/apps/mcp/crm/main.go:1594.2,1595.16 2 5
github.com/apteva/apps/mcp/crm/main.go:1595.16,1597.3 1 0
github.com/apteva/apps/mcp/crm/main.go:1598.2,1603.16 2 5
github.com/apteva/apps/mcp/crm/main.go:1603.16,1605.3 1 0
github.com/apteva/apps/mcp/crm/main.go:1606.2,1611.8 1 5
github.com/apteva/apps/mcp/crm/main.go:1614.83,1615.44 1 11
github.com/apteva/apps/mcp/crm/main.go:1615.44,1617.3 1 0
github.com/apteva/apps/mcp/crm/main.go:1618.2,1618.40 1 11
github.com/apteva/apps/mcp/crm/main.go:1618.40,1620.3 1 0
github.com/apteva/apps/mcp/crm/main.go:1621.2,1621.46 1 11
github.com/apteva/apps/mcp/crm/main.go:1621.46,1623.3 1 0
github.com/apteva/apps/mcp/crm/main.go:1624.2,1624.41 1 11
github.com/apteva/apps/mcp/crm/main.go:1627.88,1628.18 1 6
github.com/apteva/apps/mcp/crm/main.go:1628.18,1630.3 1 0
github.com/apteva/apps/mcp/crm/main.go:1631.2,1637.3 1 6
github.com/apteva/apps/mcp/crm/main.go:1650.18,1651.18 1 5
github.com/apteva/apps/mcp/crm/main.go:1651.18,1653.3 1 0
github.com/apteva/apps/mcp/crm/main.go:1654.2,1654.23 1 5
github.com/apteva/apps/mcp/crm/main.go:1654.23,1656.3 1 0
github.com/apteva/apps/mcp/crm/main.go:1657.2,1657.26 1 5
github.com/apteva/apps/mcp/crm/main.go:1657.26,1659.3 1 0
github.com/apteva/apps/mcp/crm/main.go:1660.2,1660.26 1 5
github.com/apteva/apps/mcp/crm/main.go:1660.26,1662.3 1 0
github.com/apteva/apps/mcp/crm/main.go:1663.2,1677.3 1 5
github.com/apteva/apps/mcp/crm/main.go:1680.68,1687.2 1 15
github.com/apteva/apps/mcp/crm/main.go:1689.85,1691.16 2 18
github.com/apteva/apps/mcp/crm/main.go:1691.16,1693.3 1 2
github.com/apteva/apps/mcp/crm/main.go:1694.2,1694.17 1 16
github.com/apteva/apps/mcp/crm/main.go:1694.17,1696.3 1 1
github.com/apteva/apps/mcp/crm/main.go:1697.2,1697.14 1 15
github.com/apteva/apps/mcp/crm/main.go:1700.76,1707.2 3 5
github.com/apteva/apps/mcp/crm/main.go:1709.80,1716.2 3 5
github.com/apteva/apps/mcp/crm/main.go:1718.77,1720.16 2 85
github.com/apteva/apps/mcp/crm/main.go:1720.16,1722.3 1 1
github.com/apteva/apps/mcp/crm/main.go:1723.2,1724.16 2 84
github.com/apteva/apps/mcp/crm/main.go:1724.16,1726.3 1 1
github.com/apteva/apps/mcp/crm/main.go:1727.2,1728.16 2 83
github.com/apteva/apps/mcp/crm/main.go:1728.16,1730.3 1 2
github.com/apteva/apps/mcp/crm/main.go:1731.2,1734.22 4 81
github.com/apteva/apps/mcp/crm/main.go:1734.22,1736.3 1 3
github.com/apteva/apps/mcp/crm/main.go:1737.2,1737.17 1 81
github.com/apteva/apps/mcp/crm/main.go:1740.77,1742.16 2 7
github.com/apteva/apps/mcp/crm/main.go:1742.16,1744.3 1 0
github.com/apteva/apps/mcp/crm/main.go:1745.2,1747.29 3 7
github.com/apteva/apps/mcp/crm/main.go:1747.29,1749.3 1 0
github.com/apteva/apps/mcp/crm/main.go:1750.2,1752.16 3 7
github.com/apteva/apps/mcp/crm/main.go:1752.16,1754.3 1 2
github.com/apteva/apps/mcp/crm/main.go:1755.2,1755.53 1 5
github.com/apteva/apps/mcp/crm/main.go:1755.53,1757.3 1 0
github.com/apteva/apps/mcp/crm/main.go:1758.2,1759.80 2 5
github.com/apteva/apps/mcp/crm/main.go:1762.86,1764.16 2 6
github.com/apteva/apps/mcp/crm/main.go:1764.16,1766.3 1 0
github.com/apteva/apps/mcp/crm/main.go:1767.2,1769.31 3 6
github.com/apteva/apps/mcp/crm/main.go:1769.31,1771.3 1 0
github.com/apteva/apps/mcp/crm/main.go:1772.2,1775.16 4 6
github.com/apteva/apps/mcp/crm/main.go:1775.16,1777.3 1 0
github.com/apteva/apps/mcp/crm/main.go:1780.2,1781.13 2 6
github.com/apteva/apps/mcp/crm/main.go:1781.13,1783.3 1 4
github.com/apteva/apps/mcp/crm/main.go:1783.8,1785.3 1 2
github.com/apteva/apps/mcp/crm/main.go:1786.2,1787.25 2 6
github.com/apteva/apps/mcp/crm/main.go:1787.25,1789.3 1 3
github.com/apteva/apps/mcp/crm/main.go:1790.2,1790.17 1 6
github.com/apteva/apps/mcp/crm/main.go:1793.82,1795.16 2 1
github.com/apteva/apps/mcp/crm/main.go:1795.16,1797.3 1 0
github.com/apteva/apps/mcp/crm/main.go:1798.2,1800.38 3 1
github.com/apteva/apps/mcp/crm/main.go:1800.38,1802.3 1 0
github.com/apteva/apps/mcp/crm/main.go:1803.2,1805.16 3 1
github.com/apteva/apps/mcp/crm/main.go:1805.16,1807.3 1 0
github.com/apteva/apps/mcp/crm/main.go:1808.2,1808.78 1 1
github.com/apteva/apps/mcp/crm/main.go:1811.76,1813.16 2 1
github.com/apteva/apps/mcp/crm/main.go:1813.16,1815.3 1 0
github.com/apteva/apps/mcp/crm/main.go:1816.2,1818.50 3 1
github.com/apteva/apps/mcp/crm/main.go:1818.50,1820.3 1 0
github.com/apteva/apps/mcp/crm/main.go:1821.2,1823.80 3 1
github.com/apteva/apps/mcp/crm/main.go:1823.80,1825.3 1 0
github.com/apteva/apps/mcp/crm/main.go:1826.2,1826.16 1 1
github.com/apteva/apps/mcp/crm/main.go:1826.16,1830.3 1 1
github.com/apteva/apps/mcp/crm/main.go:1831.2,1831.84 1 1
github.com/apteva/apps/mcp/crm/main.go:1838.66,1839.28 1 102
github.com/apteva/apps/mcp/crm/main.go:1839.28,1841.3 1 0
github.com/apteva/apps/mcp/crm/main.go:1842.2,1849.30 2 102
github.com/apteva/apps/mcp/crm/main.go:1849.30,1854.17 3 91
github.com/apteva/apps/mcp/crm/main.go:1854.17,1856.4 1 0
github.com/apteva/apps/mcp/crm/main.go:1856.9,1857.31 1 91
github.com/apteva/apps/mcp/crm/main.go:1857.31,1859.5 1 8
github.com/apteva/apps/mcp/crm/main.go:1861.3,1861.32 1 91
github.com/apteva/apps/mcp/crm/main.go:1863.2,1863.40 1 102
github.com/apteva/apps/mcp/crm/main.go:1870.114,1873.45 3 6
github.com/apteva/apps/mcp/crm/main.go:1873.45,1875.3 1 0
github.com/apteva/apps/mcp/crm/main.go:1876.2,1876.46 1 6
github.com/apteva/apps/mcp/crm/main.go:1876.46,1878.3 1 3
github.com/apteva/apps/mcp/crm/main.go:1879.2,1880.27 2 6
github.com/apteva/apps/mcp/crm/main.go:1880.27,1882.15 2 3
github.com/apteva/apps/mcp/crm/main.go:1882.15,1883.12 1 0
github.com/apteva/apps/mcp/crm/main.go:1885.3,1885.75 1 3
github.com/apteva/apps/mcp/crm/main.go:1885.75,1888.4 2 3
github.com/apteva/apps/mcp/crm/main.go:1890.2,1890.16 1 6
github.com/apteva/apps/mcp/crm/main.go:1893.82,1894.16 1 81
github.com/apteva/apps/mcp/crm/main.go:1894.16,1896.3 1 0
github.com/apteva/apps/mcp/crm/main.go:1897.2,1897.33 1 81
github.com/apteva/apps/mcp/crm/main.go:1897.33,1899.3 1 5
github.com/apteva/apps/mcp/crm/main.go:1902.89,1904.45 2 196
github.com/apteva/apps/mcp/crm/main.go:1904.45,1905.30 1 5
github.com/apteva/apps/mcp/crm/main.go:1906.14,1907.33 1 5
github.com/apteva/apps/mcp/crm/main.go:1908.16,1909.31 1 0
github.com/apteva/apps/mcp/crm/main.go:1909.31,1911.5 1 0
github.com/apteva/apps/mcp/crm/main.go:1912.17,1913.31 1 0
github.com/apteva/apps/mcp/crm/main.go:1913.31,1915.5 1 0
github.com/apteva/apps/mcp/crm/main.go:1916.11,1917.88 1 0
github.com/apteva/apps/mcp/crm/main.go:1920.2,1920.58 1 196
github.com/apteva/apps/mcp/crm/main.go:1920.58,1922.3 1 5
github.com/apteva/apps/mcp/crm/main.go:1924.2,1926.27 3 196
github.com/apteva/apps/mcp/crm/main.go:1926.27,1928.17 2 15
github.com/apteva/apps/mcp/crm/main.go:1928.17,1930.4 1 1
github.com/apteva/apps/mcp/crm/main.go:1931.3,1931.16 1 14
github.com/apteva/apps/mcp/crm/main.go:1931.16,1934.4 2 14
github.com/apteva/apps/mcp/crm/main.go:1936.2,1936.17 1 195
github.com/apteva/apps/mcp/crm/main.go:1939.75,1941.29 2 15
github.com/apteva/apps/mcp/crm/main.go:1942.15,1944.38 2 8
github.com/apteva/apps/mcp/crm/main.go:1944.38,1946.4 1 0
github.com/apteva/apps/mcp/crm/main.go:1947.11,1948.20 1 0
github.com/apteva/apps/mcp/crm/main.go:1949.13,1950.13 1 5
github.com/apteva/apps/mcp/crm/main.go:1951.14,1953.18 2 2
github.com/apteva/apps/mcp/crm/main.go:1953.18,1955.4 1 0
github.com/apteva/apps/mcp/crm/main.go:1956.3,1956.65 1 2
github.com/apteva/apps/mcp/crm/main.go:1956.65,1958.4 1 0
github.com/apteva/apps/mcp/crm/main.go:1958.9,1960.18 2 2
github.com/apteva/apps/mcp/crm/main.go:1960.18,1962.5 1 0
github.com/apteva/apps/mcp/crm/main.go:1963.4,1963.44 1 2
github.com/apteva/apps/mcp/crm/main.go:1963.44,1965.5 1 0
github.com/apteva/apps/mcp/crm/main.go:1966.4,1966.23 1 2
github.com/apteva/apps/mcp/crm/main.go:1968.10,1969.64 1 0
github.com/apteva/apps/mcp/crm/main.go:1971.2,1971.13 1 13
github.com/apteva/apps/mcp/crm/main.go:1971.13,1973.3 1 0
github.com/apteva/apps/mcp/crm/main.go:1974.2,1975.16 2 13
github.com/apteva/apps/mcp/crm/main.go:1975.16,1977.3 1 0
github.com/apteva/apps/mcp/crm/main.go:1978.2,1978.42 1 13
github.com/apteva/apps/mcp/crm/main.go:1978.42,1980.3 1 1
github.com/apteva/apps/mcp/crm/main.go:1981.2,1981.21 1 12
github.com/apteva/apps/mcp/crm/main.go:1987.60,1989.25 2 3
github.com/apteva/apps/mcp/crm/main.go:1990.15,1991.16 1 1
github.com/apteva/apps/mcp/crm/main.go:1992.11,1993.16 1 0
github.com/apteva/apps/mcp/crm/main.go:1994.13,1995.9 1 0
github.com/apteva/apps/mcp/crm/main.go:1996.14,1998.14 2 2
github.com/apteva/apps/mcp/crm/main.go:1998.14,2000.4 1 0
github.com/apteva/apps/mcp/crm/main.go:2001.3,2001.56 1 2
github.com/apteva/apps/mcp/crm/main.go:2001.56,2003.4 1 0
github.com/apteva/apps/mcp/crm/main.go:2003.9,2003.56 1 2
github.com/apteva/apps/mcp/crm/main.go:2003.56,2005.4 1 2
github.com/apteva/apps/mcp/crm/main.go:2005.9,2007.4 1 0
github.com/apteva/apps/mcp/crm/main.go:2008.10,2009.11 1 0
github.com/apteva/apps/mcp/crm/main.go:2011.2,2011.13 1 1
github.com/apteva/apps/mcp/crm/main.go:2011.13,2013.3 1 0
github.com/apteva/apps/mcp/crm/main.go:2014.2,2014.46 1 1
github.com/apteva/apps/mcp/crm/main.go:2014.46,2016.3 1 1
github.com/apteva/apps/mcp/crm/main.go:2017.2,2017.10 1 0
github.com/apteva/apps/mcp/crm/main.go:2020.82,2022.16 2 4
github.com/apteva/apps/mcp/crm/main.go:2022.16,2024.3 1 0
github.com/apteva/apps/mcp/crm/main.go:2025.2,2028.42 4 4
github.com/apteva/apps/mcp/crm/main.go:2028.42,2030.3 1 0
github.com/apteva/apps/mcp/crm/main.go:2031.2,2032.20 2 4
github.com/apteva/apps/mcp/crm/main.go:2032.20,2034.3 1 0
github.com/apteva/apps/mcp/crm/main.go:2035.2,2037.16 3 4
github.com/apteva/apps/mcp/crm/main.go:2037.16,2039.3 1 0
github.com/apteva/apps/mcp/crm/main.go:2040.2,2040.16 1 4
github.com/apteva/apps/mcp/crm/main.go:2040.16,2048.3 1 4
github.com/apteva/apps/mcp/crm/main.go:2049.2,2049.45 1 4
github.com/apteva/apps/mcp/crm/main.go:2052.83,2054.16 2 2
github.com/apteva/apps/mcp/crm/main.go:2054.16,2056.3 1 0
github.com/apteva/apps/mcp/crm/main.go:2057.2,2059.27 3 2
github.com/apteva/apps/mcp/crm/main.go:2059.27,2061.3 1 0
github.com/apteva/apps/mcp/crm/main.go:2062.2,2063.90 2 2
github.com/apteva/apps/mcp/crm/main.go:2063.90,2065.3 1 1
github.com/apteva/apps/mcp/crm/main.go:2066.2,2066.40 1 1
github.com/apteva/apps/mcp/crm/main.go:2069.86,2071.16 2 7
github.com/apteva/apps/mcp/crm/main.go:2071.16,2073.3 1 0
github.com/apteva/apps/mcp/crm/main.go:2074.2,2077.43 4 7
github.com/apteva/apps/mcp/crm/main.go:2077.43,2079.3 1 0
github.com/apteva/apps/mcp/crm/main.go:2080.2,2084.16 5 7
github.com/apteva/apps/mcp/crm/main.go:2084.16,2086.3 1 0
github.com/apteva/apps/mcp/crm/main.go:2087.2,2087.50 1 7
github.com/apteva/apps/mcp/crm/main.go:2092.72,2095.16 3 0
github.com/apteva/apps/mcp/crm/main.go:2095.16,2098.3 2 0
github.com/apteva/apps/mcp/crm/main.go:2099.2,2101.31 3 0
github.com/apteva/apps/mcp/crm/main.go:2101.31,2103.3 1 0
github.com/apteva/apps/mcp/crm/main.go:2104.2,2109.52 3 0
github.com/apteva/apps/mcp/crm/main.go:2109.52,2110.63 1 0
github.com/apteva/apps/mcp/crm/main.go:2110.63,2113.4 2 0
github.com/apteva/apps/mcp/crm/main.go:2115.2,2116.16 2 0
github.com/apteva/apps/mcp/crm/main.go:2116.16,2119.3 2 0
github.com/apteva/apps/mcp/crm/main.go:2120.2,2121.16 2 0
github.com/apteva/apps/mcp/crm/main.go:2121.16,2124.3 2 0
github.com/apteva/apps/mcp/crm/main.go:2125.2,2125.81 1 0
github.com/apteva/apps/mcp/crm/main.go:2128.72,2131.16 3 1
github.com/apteva/apps/mcp/crm/main.go:2131.16,2134.3 2 0
github.com/apteva/apps/mcp/crm/main.go:2135.2,2136.52 2 1
github.com/apteva/apps/mcp/crm/main.go:2136.52,2139.3 2 0
github.com/apteva/apps/mcp/crm/main.go:2140.2,2141.16 2 1
github.com/apteva/apps/mcp/crm/main.go:2141.16,2144.3 2 0
github.com/apteva/apps/mcp/crm/main.go:2145.2,2146.16 2 1
github.com/apteva/apps/mcp/crm/main.go:2146.16,2149.3 2 1
github.com/apteva/apps/mcp/crm/main.go:2150.2,2153.22 4 0
github.com/apteva/apps/mcp/crm/main.go:2153.22,2155.3 1 0
github.com/apteva/apps/mcp/crm/main.go:2156.2,2156.18 1 0
github.com/apteva/apps/mcp/crm/main.go:2160.76,2163.16 3 0
github.com/apteva/apps/mcp/crm/main.go:2163.16,2166.3 2 0
github.com/apteva/apps/mcp/crm/main.go:2167.2,2170.13 4 0
github.com/apteva/apps/mcp/crm/main.go:2170.13,2173.3 2 0
github.com/apteva/apps/mcp/crm/main.go:2174.2,2174.49 1 0
github.com/apteva/apps/mcp/crm/main.go:2174.49,2176.17 2 0
github.com/apteva/apps/mcp/crm/main.go:2176.17,2179.4 2 0
github.com/apteva/apps/mcp/crm/main.go:2180.3,2181.9 2 0
github.com/apteva/apps/mcp/crm/main.go:2183.2,2184.16 2 0
github.com/apteva/apps/mcp/crm/main.go:2184.16,2187.3 2 0
github.com/apteva/apps/mcp/crm/main.go:2188.2,2188.14 1 0
github.com/apteva/apps/mcp/crm/main.go:2188.14,2191.3 2 0
github.com/apteva/apps/mcp/crm/main.go:2192.2,2196.43 5 0
github.com/apteva/apps/mcp/crm/main.go:2199.72,2202.16 3 2
github.com/apteva/apps/mcp/crm/main.go:2202.16,2205.3 2 0
github.com/apteva/apps/mcp/crm/main.go:2206.2,2207.13 2 2
github.com/apteva/apps/mcp/crm/main.go:2207.13,2210.3 2 0
github.com/apteva/apps/mcp/crm/main.go:2211.2,2212.53 2 2
github.com/apteva/apps/mcp/crm/main.go:2212.53,2215.3 2 0
github.com/apteva/apps/mcp/crm/main.go:2216.2,2219.16 4 2
github.com/apteva/apps/mcp/crm/main.go:2219.16,2222.3 2 0
github.com/apteva/apps/mcp/crm/main.go:2223.2,2224.81 2 2
github.com/apteva/apps/mcp/crm/main.go:2227.74,2229.32 2 1
github.com/apteva/apps/mcp/crm/main.go:2229.32,2237.3 4 1
github.com/apteva/apps/mcp/crm/main.go:2238.2,2238.35 1 0
github.com/apteva/apps/mcp/crm/main.go:2238.35,2241.3 2 0
github.com/apteva/apps/mcp/crm/main.go:2242.2,2242.57 1 0
github.com/apteva/apps/mcp/crm/main.go:2245.77,2246.33 1 1
github.com/apteva/apps/mcp/crm/main.go:2246.33,2249.3 2 0
github.com/apteva/apps/mcp/crm/main.go:2250.2,2252.16 3 1
github.com/apteva/apps/mcp/crm/main.go:2252.16,2255.3 2 0
github.com/apteva/apps/mcp/crm/main.go:2256.2,2257.71 2 1
github.com/apteva/apps/mcp/crm/main.go:2257.71,2260.3 2 0
github.com/apteva/apps/mcp/crm/main.go:2261.2,2263.38 3 1
github.com/apteva/apps/mcp/crm/main.go:2263.38,2266.3 2 0
github.com/apteva/apps/mcp/crm/main.go:2267.2,2270.43 2 1
github.com/apteva/apps/mcp/crm/main.go:2270.43,2271.53 1 1
github.com/apteva/apps/mcp/crm/main.go:2271.53,2274.4 2 0
github.com/apteva/apps/mcp/crm/main.go:2276.2,2277.16 2 1
github.com/apteva/apps/mcp/crm/main.go:2277.16,2278.36 1 0
github.com/apteva/apps/mcp/crm/main.go:2278.36,2280.4 1 0
github.com/apteva/apps/mcp/crm/main.go:2280.9,2282.4 1 0
github.com/apteva/apps/mcp/crm/main.go:2283.3,2283.9 1 0
github.com/apteva/apps/mcp/crm/main.go:2285.2,2285.79 1 1
github.com/apteva/apps/mcp/crm/main.go:2288.73,2291.16 3 0
github.com/apteva/apps/mcp/crm/main.go:2291.16,2294.3 2 0
github.com/apteva/apps/mcp/crm/main.go:2295.2,2296.13 2 0
github.com/apteva/apps/mcp/crm/main.go:2296.13,2299.3 2 0
github.com/apteva/apps/mcp/crm/main.go:2300.2,2302.59 1 0
github.com/apteva/apps/mcp/crm/main.go:2302.59,2305.3 2 0
github.com/apteva/apps/mcp/crm/main.go:2306.2,2306.16 1 0
github.com/apteva/apps/mcp/crm/main.go:2306.16,2308.3 1 0
github.com/apteva/apps/mcp/crm/main.go:2309.2,2309.47 1 0
github.com/apteva/apps/mcp/crm/main.go:2312.78,2315.16 3 0
github.com/apteva/apps/mcp/crm/main.go:2315.16,2318.3 2 0
github.com/apteva/apps/mcp/crm/main.go:2319.2,2320.16 2 0
github.com/apteva/apps/mcp/crm/main.go:2320.16,2323.3 2 0
github.com/apteva/apps/mcp/crm/main.go:2324.2,2324.53 1 0
github.com/apteva/apps/mcp/crm/main.go:2327.79,2330.16 3 0
github.com/apteva/apps/mcp/crm/main.go:2330.16,2333.3 2 0
github.com/apteva/apps/mcp/crm/main.go:2334.2,2335.52 2 0
github.com/apteva/apps/mcp/crm/main.go:2335.52,2338.3 2 0
github.com/apteva/apps/mcp/crm/main.go:2339.2,2342.43 4 0
github.com/apteva/apps/mcp/crm/main.go:2342.43,2345.3 2 0
github.com/apteva/apps/mcp/crm/main.go:2346.2,2350.16 5 0
github.com/apteva/apps/mcp/crm/main.go:2350.16,2353.3 2 0
github.com/apteva/apps/mcp/crm/main.go:2354.2,2354.51 1 0
github.com/apteva/apps/mcp/crm/main.go:2364.62,2366.13 2 112
github.com/apteva/apps/mcp/crm/main.go:2366.13,2368.3 1 108
github.com/apteva/apps/mcp/crm/main.go:2369.2,2370.29 2 4
github.com/apteva/apps/mcp/crm/main.go:2371.13,2372.17 1 4
github.com/apteva/apps/mcp/crm/main.go:2373.16,2375.24 2 0
github.com/apteva/apps/mcp/crm/main.go:2375.24,2377.4 1 0
github.com/apteva/apps/mcp/crm/main.go:2378.10,2379.83 1 0
github.com/apteva/apps/mcp/crm/main.go:2381.2,2383.32 3 4
github.com/apteva/apps/mcp/crm/main.go:2383.32,2386.23 3 5
github.com/apteva/apps/mcp/crm/main.go:2386.23,2388.4 1 0
github.com/apteva/apps/mcp/crm/main.go:2389.3,2389.17 1 5
github.com/apteva/apps/mcp/crm/main.go:2389.17,2392.4 2 5
github.com/apteva/apps/mcp/crm/main.go:2394.2,2394.17 1 4
github.com/apteva/apps/mcp/crm/main.go:2397.78,2399.2 1 11
github.com/apteva/apps/mcp/crm/main.go:2401.154,2418.45 3 112
github.com/apteva/apps/mcp/crm/main.go:2418.45,2419.60 1 73
github.com/apteva/apps/mcp/crm/main.go:2419.60,2421.4 1 0
github.com/apteva/apps/mcp/crm/main.go:2423.2,2424.16 2 112
github.com/apteva/apps/mcp/crm/main.go:2424.16,2426.3 1 0
github.com/apteva/apps/mcp/crm/main.go:2427.2,2428.16 2 112
github.com/apteva/apps/mcp/crm/main.go:2428.16,2430.3 1 1
github.com/apteva/apps/mcp/crm/main.go:2431.2,2432.16 2 111
github.com/apteva/apps/mcp/crm/main.go:2432.16,2434.3 1 0
github.com/apteva/apps/mcp/crm/main.go:2436.2,2437.16 2 111
github.com/apteva/apps/mcp/crm/main.go:2437.16,2439.3 1 0
github.com/apteva/apps/mcp/crm/main.go:2440.2,2448.16 3 111
github.com/apteva/apps/mcp/crm/main.go:2448.16,2450.3 1 0
github.com/apteva/apps/mcp/crm/main.go:2451.2,2452.16 2 111
github.com/apteva/apps/mcp/crm/main.go:2452.16,2454.3 1 0
github.com/apteva/apps/mcp/crm/main.go:2455.2,2459.45 3 111
github.com/apteva/apps/mcp/crm/main.go:2459.45,2460.99 1 72
github.com/apteva/apps/mcp/crm/main.go:2460.99,2462.4 1 0
github.com/apteva/apps/mcp/crm/main.go:2466.2,2466.28 1 111
github.com/apteva/apps/mcp/crm/main.go:2466.28,2470.17 1 4
github.com/apteva/apps/mcp/crm/main.go:2470.17,2472.4 1 0
github.com/apteva/apps/mcp/crm/main.go:2478.2,2478.85 1 111
github.com/apteva/apps/mcp/crm/main.go:2478.85,2480.3 1 1
github.com/apteva/apps/mcp/crm/main.go:2485.2,2485.33 1 110
github.com/apteva/apps/mcp/crm/main.go:2485.33,2492.17 2 5
github.com/apteva/apps/mcp/crm/main.go:2492.17,2494.4 1 0
github.com/apteva/apps/mcp/crm/main.go:2495.3,2496.17 2 5
github.com/apteva/apps/mcp/crm/main.go:2496.17,2498.4 1 0
github.com/apteva/apps/mcp/crm/main.go:2499.3,2499.20 1 5
github.com/apteva/apps/mcp/crm/main.go:2499.20,2501.4 1 0
github.com/apteva/apps/mcp/crm/main.go:2504.2,2504.36 1 110
github.com/apteva/apps/mcp/crm/main.go:2504.36,2506.3 1 0
github.com/apteva/apps/mcp/crm/main.go:2508.2,2509.32 2 110
github.com/apteva/apps/mcp/crm/main.go:2509.32,2510.17 1 0
github.com/apteva/apps/mcp/crm/main.go:2510.17,2512.4 1 0
github.com/apteva/apps/mcp/crm/main.go:2513.3,2513.18 1 0
github.com/apteva/apps/mcp/crm/main.go:2515.2,2515.19 1 110
github.com/apteva/apps/mcp/crm/main.go:2518.68,2525.26 2 179
github.com/apteva/apps/mcp/crm/main.go:2525.26,2527.3 1 0
github.com/apteva/apps/mcp/crm/main.go:2528.2,2528.15 1 179
github.com/apteva/apps/mcp/crm/main.go:2531.73,2539.16 5 195
github.com/apteva/apps/mcp/crm/main.go:2539.16,2541.3 1 0
github.com/apteva/apps/mcp/crm/main.go:2542.2,2553.19 12 195
[...]
github.com/apteva/apps/mcp/crm/segments.go:229.11,230.18 1 0
github.com/apteva/apps/mcp/crm/segments.go:230.18,232.5 1 0
github.com/apteva/apps/mcp/crm/segments.go:233.4,235.10 1 0
github.com/apteva/apps/mcp/crm/segments.go:237.3,237.13 1 0
github.com/apteva/apps/mcp/crm/segments.go:239.17,241.18 2 0
github.com/apteva/apps/mcp/crm/segments.go:241.18,243.4 1 0
github.com/apteva/apps/mcp/crm/segments.go:244.3,247.13 2 0
github.com/apteva/apps/mcp/crm/segments.go:249.21,251.18 2 0
github.com/apteva/apps/mcp/crm/segments.go:251.18,253.4 1 0
github.com/apteva/apps/mcp/crm/segments.go:254.3,257.13 2 0
github.com/apteva/apps/mcp/crm/segments.go:259.24,261.17 2 0
github.com/apteva/apps/mcp/crm/segments.go:261.17,263.4 1 0
github.com/apteva/apps/mcp/crm/segments.go:269.3,272.13 2 0
github.com/apteva/apps/mcp/crm/segments.go:274.2,274.49 1 0
github.com/apteva/apps/mcp/crm/segments.go:280.78,281.25 1 6
github.com/apteva/apps/mcp/crm/segments.go:282.12,283.30 1 0
github.com/apteva/apps/mcp/crm/segments.go:284.15,285.32 1 2
github.com/apteva/apps/mcp/crm/segments.go:286.11,287.41 1 0
github.com/apteva/apps/mcp/crm/segments.go:288.13,289.41 1 0
github.com/apteva/apps/mcp/crm/segments.go:290.14,294.30 1 4
github.com/apteva/apps/mcp/crm/segments.go:295.11,296.32 1 0
github.com/apteva/apps/mcp/crm/segments.go:298.2,298.73 1 0
github.com/apteva/apps/mcp/crm/segments.go:301.64,303.12 2 6
github.com/apteva/apps/mcp/crm/segments.go:304.16,305.42 1 2
github.com/apteva/apps/mcp/crm/segments.go:306.13,307.43 1 0
github.com/apteva/apps/mcp/crm/segments.go:308.12,309.42 1 0
github.com/apteva/apps/mcp/crm/segments.go:310.13,311.43 1 2
github.com/apteva/apps/mcp/crm/segments.go:312.12,313.42 1 0
github.com/apteva/apps/mcp/crm/segments.go:314.13,315.43 1 0
github.com/apteva/apps/mcp/crm/segments.go:316.18,317.69 1 2
github.com/apteva/apps/mcp/crm/segments.go:318.21,319.63 1 0
github.com/apteva/apps/mcp/crm/segments.go:320.17,321.39 1 0
github.com/apteva/apps/mcp/crm/segments.go:323.2,323.59 1 0
github.com/apteva/apps/mcp/crm/segments.go:328.76,329.18 1 0
github.com/apteva/apps/mcp/crm/segments.go:329.18,331.3 1 0
github.com/apteva/apps/mcp/crm/segments.go:332.2,332.18 1 0
github.com/apteva/apps/mcp/crm/segments.go:332.18,334.3 1 0
github.com/apteva/apps/mcp/crm/segments.go:335.2,335.47 1 0
github.com/apteva/apps/mcp/crm/segments.go:335.47,337.3 1 0
github.com/apteva/apps/mcp/crm/segments.go:338.2,338.28 1 0
github.com/apteva/apps/mcp/crm/segments.go:338.28,340.3 1 0
github.com/apteva/apps/mcp/crm/segments.go:343.2,343.81 1 0
github.com/apteva/apps/mcp/crm/segments.go:343.81,345.3 1 0
github.com/apteva/apps/mcp/crm/segments.go:346.2,347.39 2 0
github.com/apteva/apps/mcp/crm/segments.go:347.39,349.3 1 0
github.com/apteva/apps/mcp/crm/segments.go:350.2,357.16 2 0
github.com/apteva/apps/mcp/crm/segments.go:357.16,358.29 1 0
github.com/apteva/apps/mcp/crm/segments.go:358.29,360.4 1 0
github.com/apteva/apps/mcp/crm/segments.go:361.3,361.18 1 0
github.com/apteva/apps/mcp/crm/segments.go:363.2,364.34 2 0
github.com/apteva/apps/mcp/crm/segments.go:367.71,380.80 6 0
github.com/apteva/apps/mcp/crm/segments.go:380.80,381.36 1 0
github.com/apteva/apps/mcp/crm/segments.go:381.36,383.4 1 0
github.com/apteva/apps/mcp/crm/segments.go:384.3,384.18 1 0
github.com/apteva/apps/mcp/crm/segments.go:386.2,386.18 1 0
github.com/apteva/apps/mcp/crm/segments.go:386.18,389.3 2 0
github.com/apteva/apps/mcp/crm/segments.go:390.2,390.18 1 0
github.com/apteva/apps/mcp/crm/segments.go:390.18,393.3 2 0
github.com/apteva/apps/mcp/crm/segments.go:394.2,395.15 2 0
github.com/apteva/apps/mcp/crm/segments.go:398.86,400.22 2 0
github.com/apteva/apps/mcp/crm/segments.go:400.22,402.3 1 0
github.com/apteva/apps/mcp/crm/segments.go:403.2,411.16 2 0
github.com/apteva/apps/mcp/crm/segments.go:411.16,413.3 1 0
github.com/apteva/apps/mcp/crm/segments.go:414.2,416.18 3 0
github.com/apteva/apps/mcp/crm/segments.go:416.18,422.81 5 0
github.com/apteva/apps/mcp/crm/segments.go:422.81,423.12 1 0
github.com/apteva/apps/mcp/crm/segments.go:425.3,425.19 1 0
github.com/apteva/apps/mcp/crm/segments.go:425.19,428.4 2 0
github.com/apteva/apps/mcp/crm/segments.go:429.3,429.19 1 0
github.com/apteva/apps/mcp/crm/segments.go:429.19,432.4 2 0
github.com/apteva/apps/mcp/crm/segments.go:433.3,434.23 2 0
github.com/apteva/apps/mcp/crm/segments.go:436.2,436.17 1 0
github.com/apteva/apps/mcp/crm/segments.go:439.96,446.26 4 0
github.com/apteva/apps/mcp/crm/segments.go:446.26,447.18 1 0
github.com/apteva/apps/mcp/crm/segments.go:447.18,448.12 1 0
github.com/apteva/apps/mcp/crm/segments.go:450.3,450.12 1 0
github.com/apteva/apps/mcp/crm/segments.go:451.21,453.18 2 0
github.com/apteva/apps/mcp/crm/segments.go:453.18,455.5 1 0
github.com/apteva/apps/mcp/crm/segments.go:457.4,457.69 1 0
github.com/apteva/apps/mcp/crm/segments.go:457.69,459.5 1 0
github.com/apteva/apps/mcp/crm/segments.go:460.4,463.66 3 0
github.com/apteva/apps/mcp/crm/segments.go:464.18,466.16 2 0
github.com/apteva/apps/mcp/crm/segments.go:466.16,468.5 1 0
github.com/apteva/apps/mcp/crm/segments.go:468.10,470.5 1 0
github.com/apteva/apps/mcp/crm/segments.go:471.11,473.42 2 0
github.com/apteva/apps/mcp/crm/segments.go:473.42,475.5 1 0
github.com/apteva/apps/mcp/crm/segments.go:475.10,477.5 1 0
github.com/apteva/apps/mcp/crm/segments.go:480.2,480.20 1 0
github.com/apteva/apps/mcp/crm/segments.go:480.20,482.3 1 0
github.com/apteva/apps/mcp/crm/segments.go:483.2,489.16 3 0
github.com/apteva/apps/mcp/crm/segments.go:489.16,491.3 1 0
github.com/apteva/apps/mcp/crm/segments.go:492.2,492.34 1 0
github.com/apteva/apps/mcp/crm/segments.go:495.63,502.2 2 0
github.com/apteva/apps/mcp/crm/segments.go:507.91,508.14 1 0
github.com/apteva/apps/mcp/crm/segments.go:508.14,510.3 1 0
github.com/apteva/apps/mcp/crm/segments.go:511.2,511.24 1 0
github.com/apteva/apps/mcp/crm/segments.go:511.24,513.3 1 0
github.com/apteva/apps/mcp/crm/segments.go:514.2,515.16 2 0
github.com/apteva/apps/mcp/crm/segments.go:515.16,517.3 1 0
github.com/apteva/apps/mcp/crm/segments.go:518.2,523.41 4 0
github.com/apteva/apps/mcp/crm/segments.go:523.41,525.3 1 0
github.com/apteva/apps/mcp/crm/segments.go:527.2,527.16 1 0
github.com/apteva/apps/mcp/crm/segments.go:527.16,529.3 1 0
github.com/apteva/apps/mcp/crm/segments.go:530.2,530.18 1 0
github.com/apteva/apps/mcp/crm/segments.go:530.18,532.3 1 0
github.com/apteva/apps/mcp/crm/segments.go:533.2,537.16 2 0
github.com/apteva/apps/mcp/crm/segments.go:537.16,539.3 1 0
github.com/apteva/apps/mcp/crm/segments.go:540.2,542.18 3 0
github.com/apteva/apps/mcp/crm/segments.go:542.18,544.40 2 0
github.com/apteva/apps/mcp/crm/segments.go:544.40,546.4 1 0
github.com/apteva/apps/mcp/crm/segments.go:548.2,548.24 1 0
github.com/apteva/apps/mcp/crm/segments.go:551.100,552.16 1 0
github.com/apteva/apps/mcp/crm/segments.go:552.16,554.3 1 0
github.com/apteva/apps/mcp/crm/segments.go:555.2,561.41 3 0
github.com/apteva/apps/mcp/crm/segments.go:561.41,563.3 1 0
github.com/apteva/apps/mcp/crm/segments.go:564.2,570.16 2 0
github.com/apteva/apps/mcp/crm/segments.go:570.16,572.3 1 0
github.com/apteva/apps/mcp/crm/segments.go:573.2,575.18 3 0
github.com/apteva/apps/mcp/crm/segments.go:575.18,577.40 2 0
github.com/apteva/apps/mcp/crm/segments.go:577.40,579.4 1 0
github.com/apteva/apps/mcp/crm/segments.go:581.2,581.24 1 0
github.com/apteva/apps/mcp/crm/segments.go:588.78,589.14 1 0
github.com/apteva/apps/mcp/crm/segments.go:589.14,591.3 1 0
github.com/apteva/apps/mcp/crm/segments.go:592.2,593.16 2 0
github.com/apteva/apps/mcp/crm/segments.go:593.16,595.3 1 0
github.com/apteva/apps/mcp/crm/segments.go:596.2,598.16 3 0
github.com/apteva/apps/mcp/crm/segments.go:598.16,600.3 1 0
github.com/apteva/apps/mcp/crm/segments.go:601.2,605.16 2 0
github.com/apteva/apps/mcp/crm/segments.go:605.16,607.3 1 0
github.com/apteva/apps/mcp/crm/segments.go:608.2,613.16 2 0
github.com/apteva/apps/mcp/crm/segments.go:613.16,615.3 1 0
github.com/apteva/apps/mcp/crm/segments.go:616.2,622.16 2 0
github.com/apteva/apps/mcp/crm/segments.go:622.16,624.3 1 0
github.com/apteva/apps/mcp/crm/segments.go:625.2,625.36 1 0
github.com/apteva/apps/mcp/crm/segments.go:625.36,627.3 1 0
github.com/apteva/apps/mcp/crm/segments.go:628.2,628.15 1 0
github.com/apteva/apps/mcp/crm/segments.go:635.72,636.14 1 0
github.com/apteva/apps/mcp/crm/segments.go:636.14,638.3 1 0
github.com/apteva/apps/mcp/crm/segments.go:639.2,639.24 1 0
github.com/apteva/apps/mcp/crm/segments.go:639.24,640.27 1 0
github.com/apteva/apps/mcp/crm/segments.go:640.27,642.4 1 0
github.com/apteva/apps/mcp/crm/segments.go:644.3,649.38 3 0
github.com/apteva/apps/mcp/crm/segments.go:649.38,651.4 1 0
github.com/apteva/apps/mcp/crm/segments.go:652.3,652.16 1 0
github.com/apteva/apps/mcp/crm/segments.go:655.2,656.46 2 0
github.com/apteva/apps/mcp/crm/segments.go:656.46,657.65 1 0
github.com/apteva/apps/mcp/crm/segments.go:657.65,658.27 1 0
github.com/apteva/apps/mcp/crm/segments.go:658.27,660.5 1 0
github.com/apteva/apps/mcp/crm/segments.go:663.2,664.16 2 0
github.com/apteva/apps/mcp/crm/segments.go:664.16,666.3 1 0
github.com/apteva/apps/mcp/crm/segments.go:667.2,670.37 4 0
github.com/apteva/apps/mcp/crm/segments.go:670.37,672.3 1 0
github.com/apteva/apps/mcp/crm/segments.go:673.2,678.15 2 0
github.com/apteva/apps/mcp/crm/segments.go:684.101,686.16 2 0
github.com/apteva/apps/mcp/crm/segments.go:686.16,688.3 1 0
github.com/apteva/apps/mcp/crm/segments.go:689.2,689.19 1 0
github.com/apteva/apps/mcp/crm/segments.go:689.19,691.3 1 0
github.com/apteva/apps/mcp/crm/segments.go:692.2,695.25 4 0
github.com/apteva/apps/mcp/crm/segments.go:695.25,697.3 1 0
github.com/apteva/apps/mcp/crm/segments.go:698.2,707.16 2 0
github.com/apteva/apps/mcp/crm/segments.go:707.16,709.3 1 0
github.com/apteva/apps/mcp/crm/segments.go:710.2,712.18 3 0
github.com/apteva/apps/mcp/crm/segments.go:712.18,715.86 2 0
github.com/apteva/apps/mcp/crm/segments.go:715.86,717.4 1 0
github.com/apteva/apps/mcp/crm/segments.go:719.2,719.24 1 0
github.com/apteva/apps/mcp/crm/segments.go:724.85,726.16 2 0
github.com/apteva/apps/mcp/crm/segments.go:726.16,728.3 1 0
github.com/apteva/apps/mcp/crm/segments.go:729.2,734.54 2 0
github.com/apteva/apps/mcp/crm/segments.go:734.54,736.3 1 0
github.com/apteva/apps/mcp/crm/segments.go:737.2,737.39 1 0
github.com/apteva/apps/mcp/crm/segments.go:737.39,740.3 2 0
github.com/apteva/apps/mcp/crm/segments.go:741.2,742.16 2 0
github.com/apteva/apps/mcp/crm/segments.go:742.16,744.3 1 0
github.com/apteva/apps/mcp/crm/segments.go:745.2,746.44 2 0
github.com/apteva/apps/mcp/crm/segments.go:749.83,751.16 2 0
github.com/apteva/apps/mcp/crm/segments.go:751.16,753.3 1 0
github.com/apteva/apps/mcp/crm/segments.go:754.2,756.16 3 0
github.com/apteva/apps/mcp/crm/segments.go:756.16,758.3 1 0
github.com/apteva/apps/mcp/crm/segments.go:759.2,759.64 1 0
github.com/apteva/apps/mcp/crm/segments.go:762.82,764.16 2 0
github.com/apteva/apps/mcp/crm/segments.go:764.16,766.3 1 0
github.com/apteva/apps/mcp/crm/segments.go:767.2,768.13 2 0
github.com/apteva/apps/mcp/crm/segments.go:768.13,770.3 1 0
github.com/apteva/apps/mcp/crm/segments.go:771.2,772.16 2 0
github.com/apteva/apps/mcp/crm/segments.go:772.16,774.3 1 0
github.com/apteva/apps/mcp/crm/segments.go:775.2,775.14 1 0
github.com/apteva/apps/mcp/crm/segments.go:775.14,777.3 1 0
github.com/apteva/apps/mcp/crm/segments.go:778.2,778.57 1 0
github.com/apteva/apps/mcp/crm/segments.go:781.85,783.16 2 0
github.com/apteva/apps/mcp/crm/segments.go:783.16,785.3 1 0
github.com/apteva/apps/mcp/crm/segments.go:786.2,787.13 2 0
github.com/apteva/apps/mcp/crm/segments.go:787.13,789.3 1 0
github.com/apteva/apps/mcp/crm/segments.go:790.2,791.18 2 0
github.com/apteva/apps/mcp/crm/segments.go:791.18,793.3 1 0
github.com/apteva/apps/mcp/crm/segments.go:794.2,795.16 2 0
github.com/apteva/apps/mcp/crm/segments.go:795.16,797.3 1 0
github.com/apteva/apps/mcp/crm/segments.go:798.2,799.44 2 0
github.com/apteva/apps/mcp/crm/segments.go:802.85,804.16 2 0
github.com/apteva/apps/mcp/crm/segments.go:804.16,806.3 1 0
github.com/apteva/apps/mcp/crm/segments.go:807.2,808.13 2 0
github.com/apteva/apps/mcp/crm/segments.go:808.13,810.3 1 0
github.com/apteva/apps/mcp/crm/segments.go:811.2,811.63 1 0
github.com/apteva/apps/mcp/crm/segments.go:811.63,813.3 1 0
github.com/apteva/apps/mcp/crm/segments.go:814.2,815.56 2 0
github.com/apteva/apps/mcp/crm/segments.go:818.83,820.16 2 0
github.com/apteva/apps/mcp/crm/segments.go:820.16,822.3 1 0
github.com/apteva/apps/mcp/crm/segments.go:823.2,824.13 2 0
github.com/apteva/apps/mcp/crm/segments.go:824.13,826.3 1 0
github.com/apteva/apps/mcp/crm/segments.go:827.2,828.16 2 0
github.com/apteva/apps/mcp/crm/segments.go:828.16,830.3 1 0
github.com/apteva/apps/mcp/crm/segments.go:831.2,831.14 1 0
github.com/apteva/apps/mcp/crm/segments.go:831.14,833.3 1 0
github.com/apteva/apps/mcp/crm/segments.go:834.2,836.16 3 0
github.com/apteva/apps/mcp/crm/segments.go:836.16,838.3 1 0
github.com/apteva/apps/mcp/crm/segments.go:839.2,839.80 1 0
github.com/apteva/apps/mcp/crm/segments.go:842.84,844.16 2 0
github.com/apteva/apps/mcp/crm/segments.go:844.16,846.3 1 0
github.com/apteva/apps/mcp/crm/segments.go:847.2,848.13 2 0
github.com/apteva/apps/mcp/crm/segments.go:848.13,850.3 1 0
github.com/apteva/apps/mcp/crm/segments.go:851.2,852.16 2 0
github.com/apteva/apps/mcp/crm/segments.go:852.16,854.3 1 0
github.com/apteva/apps/mcp/crm/segments.go:855.2,855.14 1 0
github.com/apteva/apps/mcp/crm/segments.go:855.14,857.3 1 0
github.com/apteva/apps/mcp/crm/segments.go:858.2,859.16 2 0
github.com/apteva/apps/mcp/crm/segments.go:859.16,861.3 1 0
github.com/apteva/apps/mcp/crm/segments.go:862.2,862.56 1 0
github.com/apteva/apps/mcp/crm/segments.go:865.90,867.16 2 0
github.com/apteva/apps/mcp/crm/segments.go:867.16,869.3 1 0
github.com/apteva/apps/mcp/crm/segments.go:870.2,871.13 2 0
github.com/apteva/apps/mcp/crm/segments.go:871.13,873.3 1 0
github.com/apteva/apps/mcp/crm/segments.go:874.2,875.16 2 0
github.com/apteva/apps/mcp/crm/segments.go:875.16,877.3 1 0
github.com/apteva/apps/mcp/crm/segments.go:878.2,878.14 1 0
github.com/apteva/apps/mcp/crm/segments.go:878.14,880.3 1 0
github.com/apteva/apps/mcp/crm/segments.go:882.2,883.16 2 0
github.com/apteva/apps/mcp/crm/segments.go:883.16,885.3 1 0
github.com/apteva/apps/mcp/crm/segments.go:886.2,887.90 2 0
github.com/apteva/apps/mcp/crm/segments.go:892.74,893.18 1 0
github.com/apteva/apps/mcp/crm/segments.go:894.22,895.32 1 0
github.com/apteva/apps/mcp/crm/segments.go:896.23,897.35 1 0
github.com/apteva/apps/mcp/crm/segments.go:898.10,899.64 1 0
github.com/apteva/apps/mcp/crm/segments.go:903.77,907.13 4 0
github.com/apteva/apps/mcp/crm/segments.go:907.13,910.3 2 0
github.com/apteva/apps/mcp/crm/segments.go:911.2,911.21 1 0
github.com/apteva/apps/mcp/crm/segments.go:911.21,912.19 1 0
github.com/apteva/apps/mcp/crm/segments.go:913.15,915.10 2 0
github.com/apteva/apps/mcp/crm/segments.go:916.18,918.10 2 0
github.com/apteva/apps/mcp/crm/segments.go:919.22,921.10 2 0
github.com/apteva/apps/mcp/crm/segments.go:924.2,924.18 1 0
github.com/apteva/apps/mcp/crm/segments.go:925.22,926.35 1 0
github.com/apteva/apps/mcp/crm/segments.go:927.24,928.38 1 0
github.com/apteva/apps/mcp/crm/segments.go:929.25,930.38 1 0
github.com/apteva/apps/mcp/crm/segments.go:931.10,932.64 1 0
github.com/apteva/apps/mcp/crm/segments.go:936.77,938.16 2 0
github.com/apteva/apps/mcp/crm/segments.go:938.16,941.3 2 0
github.com/apteva/apps/mcp/crm/segments.go:942.2,944.16 3 0
github.com/apteva/apps/mcp/crm/segments.go:944.16,947.3 2 0
github.com/apteva/apps/mcp/crm/segments.go:948.2,948.65 1 0
github.com/apteva/apps/mcp/crm/segments.go:951.80,953.16 2 0
github.com/apteva/apps/mcp/crm/segments.go:953.16,956.3 2 0
github.com/apteva/apps/mcp/crm/segments.go:957.2,958.52 2 0
github.com/apteva/apps/mcp/crm/segments.go:958.52,961.3 2 0
github.com/apteva/apps/mcp/crm/segments.go:962.2,967.54 2 0
github.com/apteva/apps/mcp/crm/segments.go:967.54,969.3 1 0
github.com/apteva/apps/mcp/crm/segments.go:970.2,970.39 1 0
github.com/apteva/apps/mcp/crm/segments.go:970.39,973.3 2 0
github.com/apteva/apps/mcp/crm/segments.go:974.2,975.16 2 0
github.com/apteva/apps/mcp/crm/segments.go:975.16,978.3 2 0
github.com/apteva/apps/mcp/crm/segments.go:979.2,980.45 2 0
github.com/apteva/apps/mcp/crm/segments.go:983.86,985.16 2 0
github.com/apteva/apps/mcp/crm/segments.go:985.16,988.3 2 0
github.com/apteva/apps/mcp/crm/segments.go:989.2,990.16 2 0
github.com/apteva/apps/mcp/crm/segments.go:990.16,993.3 2 0
github.com/apteva/apps/mcp/crm/segments.go:994.2,994.14 1 0
github.com/apteva/apps/mcp/crm/segments.go:994.14,997.3 2 0
github.com/apteva/apps/mcp/crm/segments.go:998.2,998.43 1 0
github.com/apteva/apps/mcp/crm/segments.go:1001.89,1003.16 2 0
github.com/apteva/apps/mcp/crm/segments.go:1003.16,1006.3 2 0
github.com/apteva/apps/mcp/crm/segments.go:1007.2,1008.53 2 0
github.com/apteva/apps/mcp/crm/segments.go:1008.53,1011.3 2 0
github.com/apteva/apps/mcp/crm/segments.go:1012.2,1013.16 2 0
github.com/apteva/apps/mcp/crm/segments.go:1013.16,1016.3 2 0
github.com/apteva/apps/mcp/crm/segments.go:1017.2,1018.45 2 0
github.com/apteva/apps/mcp/crm/segments.go:1021.89,1023.16 2 0
github.com/apteva/apps/mcp/crm/segments.go:1023.16,1026.3 2 0
github.com/apteva/apps/mcp/crm/segments.go:1027.2,1027.69 1 0
github.com/apteva/apps/mcp/crm/segments.go:1027.69,1030.3 2 0
github.com/apteva/apps/mcp/crm/segments.go:1031.2,1032.57 2 0
github.com/apteva/apps/mcp/crm/segments.go:1035.87,1037.16 2 0
github.com/apteva/apps/mcp/crm/segments.go:1037.16,1040.3 2 0
github.com/apteva/apps/mcp/crm/segments.go:1041.2,1042.28 2 0
github.com/apteva/apps/mcp/crm/segments.go:1042.28,1045.3 2 0
github.com/apteva/apps/mcp/crm/segments.go:1046.2,1048.16 3 0
github.com/apteva/apps/mcp/crm/segments.go:1048.16,1051.3 2 0
github.com/apteva/apps/mcp/crm/segments.go:1052.2,1052.81 1 0
github.com/apteva/apps/mcp/crm/segments.go:1055.90,1057.16 2 0
github.com/apteva/apps/mcp/crm/segments.go:1057.16,1060.3 2 0
github.com/apteva/apps/mcp/crm/segments.go:1061.2,1062.28 2 0
github.com/apteva/apps/mcp/crm/segments.go:1062.28,1065.3 2 0
github.com/apteva/apps/mcp/crm/segments.go:1066.2,1068.16 3 0
github.com/apteva/apps/mcp/crm/segments.go:1068.16,1071.3 2 0
github.com/apteva/apps/mcp/crm/segments.go:1072.2,1072.78 1 0
github.com/apteva/apps/mcp/crm/segments.go:1075.94,1076.33 1 0
github.com/apteva/apps/mcp/crm/segments.go:1076.33,1079.3 2 0
github.com/apteva/apps/mcp/crm/segments.go:1080.2,1081.16 2 0
github.com/apteva/apps/mcp/crm/segments.go:1081.16,1084.3 2 0
github.com/apteva/apps/mcp/crm/segments.go:1085.2,1086.28 2 0
github.com/apteva/apps/mcp/crm/segments.go:1086.28,1089.3 2 0
github.com/apteva/apps/mcp/crm/segments.go:1090.2,1091.16 2 0
github.com/apteva/apps/mcp/crm/segments.go:1091.16,1094.3 2 0
github.com/apteva/apps/mcp/crm/segments.go:1095.2,1096.91 2 0
github.com/apteva/apps/mcp/crm/segments.go:1101.60,1103.9 2 0
github.com/apteva/apps/mcp/crm/segments.go:1103.9,1105.3 1 0
github.com/apteva/apps/mcp/crm/segments.go:1106.2,1107.9 2 0
github.com/apteva/apps/mcp/crm/segments.go:1107.9,1109.3 1 0
github.com/apteva/apps/mcp/crm/segments.go:1110.2,1111.24 2 0
github.com/apteva/apps/mcp/crm/segments.go:1111.24,1112.41 1 0
github.com/apteva/apps/mcp/crm/segments.go:1112.41,1114.4 1 0
github.com/apteva/apps/mcp/crm/segments.go:1116.2,1116.12 1 0
github.com/apteva/apps/mcp/crm/segments.go:1119.28,1120.23 1 0
github.com/apteva/apps/mcp/crm/segments.go:1121.15,1122.16 1 0
github.com/apteva/apps/mcp/crm/segments.go:1123.11,1124.11 1 0
github.com/apteva/apps/mcp/crm/segments.go:1125.13,1126.16 1 0
github.com/apteva/apps/mcp/crm/segments.go:1128.2,1128.10 1 0
github.com/apteva/apps/mcp/crm/segments.go:1131.32,1132.23 1 42
github.com/apteva/apps/mcp/crm/segments.go:1133.15,1134.18 1 18
github.com/apteva/apps/mcp/crm/segments.go:1135.11,1136.18 1 11
github.com/apteva/apps/mcp/crm/segments.go:1137.13,1138.11 1 12
github.com/apteva/apps/mcp/crm/segments.go:1139.14,1141.11 2 0
github.com/apteva/apps/mcp/crm/segments.go:1143.2,1143.10 1 1
